<?xml version="1.0" encoding="utf-8"?>
<test-run id="0" testcasecount="253" result="Passed" total="253" passed="252" failed="0" inconclusive="0" skipped="1" asserts="503" portable-engine-version="3.3.0.0" start-time="2016-09-13 08:02:53Z" end-time="2016-09-13 08:02:54Z" duration="1.415806">
  <test-suite type="Assembly" id="1298" name="SmartFormat.Tests, Version=1.0.0.0, Culture=neutral, PublicKeyToken=null" fullname="SmartFormat.Tests, Version=1.0.0.0, Culture=neutral, PublicKeyToken=null" runstate="Runnable" testcasecount="253" result="Passed" start-time="2016-09-13 08:02:53Z" end-time="2016-09-13 08:02:54Z" duration="1.146481" total="253" passed="252" failed="0" inconclusive="0" skipped="1" asserts="503">
    <settings>
      <setting name="WorkDirectory" value="C:\Work\Libraries\SmartFormat.NET\src\SmartFormat.Tests" />
    </settings>
    <test-suite type="TestSuite" id="1299" name="SmartFormat" fullname="SmartFormat" runstate="Runnable" testcasecount="253" result="Passed" start-time="2016-09-13 08:02:53Z" end-time="2016-09-13 08:02:54Z" duration="1.134318" total="253" passed="252" failed="0" inconclusive="0" skipped="1" asserts="503">
      <test-suite type="TestSuite" id="1300" name="Tests" fullname="SmartFormat.Tests" runstate="Runnable" testcasecount="253" result="Passed" start-time="2016-09-13 08:02:53Z" end-time="2016-09-13 08:02:54Z" duration="1.133662" total="253" passed="252" failed="0" inconclusive="0" skipped="1" asserts="503">
        <test-suite type="TestSuite" id="1304" name="Core" fullname="SmartFormat.Tests.Core" runstate="Runnable" testcasecount="93" result="Passed" start-time="2016-09-13 08:02:53Z" end-time="2016-09-13 08:02:54Z" duration="0.370660" total="93" passed="93" failed="0" inconclusive="0" skipped="0" asserts="199">
          <test-suite type="TestFixture" id="1191" name="FormatterTests" fullname="SmartFormat.Tests.Core.FormatterTests" classname="SmartFormat.Tests.Core.FormatterTests" runstate="Runnable" testcasecount="6" result="Passed" start-time="2016-09-13 08:02:53Z" end-time="2016-09-13 08:02:53Z" duration="0.149558" total="6" passed="6" failed="0" inconclusive="0" skipped="0" asserts="5">
            <test-case id="1197" name="Formatter_AlignNull" fullname="SmartFormat.Tests.Core.FormatterTests.Formatter_AlignNull" methodname="Formatter_AlignNull" classname="SmartFormat.Tests.Core.FormatterTests" runstate="Runnable" seed="1962981014" result="Passed" start-time="2016-09-13 08:02:53Z" end-time="2016-09-13 08:02:53Z" duration="0.078015" asserts="1" />
            <test-case id="1194" name="Formatter_Ignores_Exceptions" fullname="SmartFormat.Tests.Core.FormatterTests.Formatter_Ignores_Exceptions" methodname="Formatter_Ignores_Exceptions" classname="SmartFormat.Tests.Core.FormatterTests" runstate="Runnable" seed="1776627203" result="Passed" start-time="2016-09-13 08:02:53Z" end-time="2016-09-13 08:02:53Z" duration="0.004433" asserts="1" />
            <test-case id="1196" name="Formatter_Maintains_Object_Tokens" fullname="SmartFormat.Tests.Core.FormatterTests.Formatter_Maintains_Object_Tokens" methodname="Formatter_Maintains_Object_Tokens" classname="SmartFormat.Tests.Core.FormatterTests" runstate="Runnable" seed="1904988241" result="Passed" start-time="2016-09-13 08:02:53Z" end-time="2016-09-13 08:02:53Z" duration="0.001212" asserts="1" />
            <test-case id="1195" name="Formatter_Maintains_Tokens" fullname="SmartFormat.Tests.Core.FormatterTests.Formatter_Maintains_Tokens" methodname="Formatter_Maintains_Tokens" classname="SmartFormat.Tests.Core.FormatterTests" runstate="Runnable" seed="1816998685" result="Passed" start-time="2016-09-13 08:02:53Z" end-time="2016-09-13 08:02:53Z" duration="0.000486" asserts="1" />
            <test-case id="1193" name="Formatter_Outputs_Exceptions" fullname="SmartFormat.Tests.Core.FormatterTests.Formatter_Outputs_Exceptions" methodname="Formatter_Outputs_Exceptions" classname="SmartFormat.Tests.Core.FormatterTests" runstate="Runnable" seed="777395081" result="Passed" start-time="2016-09-13 08:02:53Z" end-time="2016-09-13 08:02:53Z" duration="0.000964" asserts="1" />
            <test-case id="1192" name="Formatter_Throws_Exceptions" fullname="SmartFormat.Tests.Core.FormatterTests.Formatter_Throws_Exceptions" methodname="Formatter_Throws_Exceptions" classname="SmartFormat.Tests.Core.FormatterTests" runstate="Runnable" seed="1701636321" result="Passed" start-time="2016-09-13 08:02:53Z" end-time="2016-09-13 08:02:53Z" duration="0.001630" asserts="0" />
          </test-suite>
          <test-suite type="TestFixture" id="1198" name="NamedFormatterTests_Custom" fullname="SmartFormat.Tests.Core.NamedFormatterTests_Custom" classname="SmartFormat.Tests.Core.NamedFormatterTests_Custom" runstate="Runnable" testcasecount="40" result="Passed" start-time="2016-09-13 08:02:53Z" end-time="2016-09-13 08:02:53Z" duration="0.099628" total="40" passed="40" failed="0" inconclusive="0" skipped="0" asserts="40">
            <test-suite type="ParameterizedMethod" id="1243" name="Implicit_formatters_require_an_empty_string" fullname="SmartFormat.Tests.Core.NamedFormatterTests_Custom.Implicit_formatters_require_an_empty_string" classname="SmartFormat.Tests.Core.NamedFormatterTests_Custom" runstate="Runnable" testcasecount="3" result="Passed" start-time="2016-09-13 08:02:53Z" end-time="2016-09-13 08:02:53Z" duration="0.007884" total="3" passed="3" failed="0" inconclusive="0" skipped="0" asserts="3">
              <test-case id="1240" name="Implicit_formatters_require_an_empty_string(&quot;{0:test2:}&quot;,5,&quot;TestExtension1 Options: , Format: &quot;)" fullname="SmartFormat.Tests.Core.NamedFormatterTests_Custom.Implicit_formatters_require_an_empty_string(&quot;{0:test2:}&quot;,5,&quot;TestExtension1 Options: , Format: &quot;)" methodname="Implicit_formatters_require_an_empty_string" classname="SmartFormat.Tests.Core.NamedFormatterTests_Custom" runstate="Runnable" seed="1448346045" result="Passed" start-time="2016-09-13 08:02:53Z" end-time="2016-09-13 08:02:53Z" duration="0.002104" asserts="1" />
              <test-case id="1241" name="Implicit_formatters_require_an_empty_string(&quot;{0}&quot;,5,&quot;TestExtension2 Options: , Format: &quot;)" fullname="SmartFormat.Tests.Core.NamedFormatterTests_Custom.Implicit_formatters_require_an_empty_string(&quot;{0}&quot;,5,&quot;TestExtension2 Options: , Format: &quot;)" methodname="Implicit_formatters_require_an_empty_string" classname="SmartFormat.Tests.Core.NamedFormatterTests_Custom" runstate="Runnable" seed="353452257" result="Passed" start-time="2016-09-13 08:02:53Z" end-time="2016-09-13 08:02:53Z" duration="0.001596" asserts="1" />
              <test-case id="1242" name="Implicit_formatters_require_an_empty_string(&quot;{0:N2}&quot;,5,&quot;TestExtension2 Options: , Format: N2&quot;)" fullname="SmartFormat.Tests.Core.NamedFormatterTests_Custom.Implicit_formatters_require_an_empty_string(&quot;{0:N2}&quot;,5,&quot;TestExtension2 Options: , Format: N2&quot;)" methodname="Implicit_formatters_require_an_empty_string" classname="SmartFormat.Tests.Core.NamedFormatterTests_Custom" runstate="Runnable" seed="1159035287" result="Passed" start-time="2016-09-13 08:02:53Z" end-time="2016-09-13 08:02:53Z" duration="0.000173" asserts="1" />
            </test-suite>
            <test-suite type="ParameterizedMethod" id="1215" name="Invoke_extensions_by_name_or_shortname" fullname="SmartFormat.Tests.Core.NamedFormatterTests_Custom.Invoke_extensions_by_name_or_shortname" classname="SmartFormat.Tests.Core.NamedFormatterTests_Custom" runstate="Runnable" testcasecount="16" result="Passed" start-time="2016-09-13 08:02:53Z" end-time="2016-09-13 08:02:53Z" duration="0.043365" total="16" passed="16" failed="0" inconclusive="0" skipped="0" asserts="16">
              <test-case id="1199" name="Invoke_extensions_by_name_or_shortname(&quot;{0:conditional:zero|one|two}&quot;,0,&quot;zero&quot;)" fullname="SmartFormat.Tests.Core.NamedFormatterTests_Custom.Invoke_extensions_by_name_or_shortname(&quot;{0:conditional:zero|one|two}&quot;,0,&quot;zero&quot;)" methodname="Invoke_extensions_by_name_or_shortname" classname="SmartFormat.Tests.Core.NamedFormatterTests_Custom" runstate="Runnable" seed="799185518" result="Passed" start-time="2016-09-13 08:02:53Z" end-time="2016-09-13 08:02:53Z" duration="0.004497" asserts="1" />
              <test-case id="1200" name="Invoke_extensions_by_name_or_shortname(&quot;{0:conditional:zero|one|two}&quot;,1,&quot;one&quot;)" fullname="SmartFormat.Tests.Core.NamedFormatterTests_Custom.Invoke_extensions_by_name_or_shortname(&quot;{0:conditional:zero|one|two}&quot;,1,&quot;one&quot;)" methodname="Invoke_extensions_by_name_or_shortname" classname="SmartFormat.Tests.Core.NamedFormatterTests_Custom" runstate="Runnable" seed="1036051015" result="Passed" start-time="2016-09-13 08:02:53Z" end-time="2016-09-13 08:02:53Z" duration="0.000666" asserts="1" />
              <test-case id="1201" name="Invoke_extensions_by_name_or_shortname(&quot;{0:conditional:zero|one|two}&quot;,2,&quot;two&quot;)" fullname="SmartFormat.Tests.Core.NamedFormatterTests_Custom.Invoke_extensions_by_name_or_shortname(&quot;{0:conditional:zero|one|two}&quot;,2,&quot;two&quot;)" methodname="Invoke_extensions_by_name_or_shortname" classname="SmartFormat.Tests.Core.NamedFormatterTests_Custom" runstate="Runnable" seed="1625822916" result="Passed" start-time="2016-09-13 08:02:53Z" end-time="2016-09-13 08:02:53Z" duration="0.000376" asserts="1" />
              <test-case id="1202" name="Invoke_extensions_by_name_or_shortname(&quot;{0:cond:zero|one|two}&quot;,0,&quot;zero&quot;)" fullname="SmartFormat.Tests.Core.NamedFormatterTests_Custom.Invoke_extensions_by_name_or_shortname(&quot;{0:cond:zero|one|two}&quot;,0,&quot;zero&quot;)" methodname="Invoke_extensions_by_name_or_shortname" classname="SmartFormat.Tests.Core.NamedFormatterTests_Custom" runstate="Runnable" seed="1412030681" result="Passed" start-time="2016-09-13 08:02:53Z" end-time="2016-09-13 08:02:53Z" duration="0.000321" asserts="1" />
              <test-case id="1203" name="Invoke_extensions_by_name_or_shortname(&quot;{0:cond:zero|one|two}&quot;,1,&quot;one&quot;)" fullname="SmartFormat.Tests.Core.NamedFormatterTests_Custom.Invoke_extensions_by_name_or_shortname(&quot;{0:cond:zero|one|two}&quot;,1,&quot;one&quot;)" methodname="Invoke_extensions_by_name_or_shortname" classname="SmartFormat.Tests.Core.NamedFormatterTests_Custom" runstate="Runnable" seed="89287999" result="Passed" start-time="2016-09-13 08:02:53Z" end-time="2016-09-13 08:02:53Z" duration="0.000343" asserts="1" />
              <test-case id="1204" name="Invoke_extensions_by_name_or_shortname(&quot;{0:cond:zero|one|two}&quot;,2,&quot;two&quot;)" fullname="SmartFormat.Tests.Core.NamedFormatterTests_Custom.Invoke_extensions_by_name_or_shortname(&quot;{0:cond:zero|one|two}&quot;,2,&quot;two&quot;)" methodname="Invoke_extensions_by_name_or_shortname" classname="SmartFormat.Tests.Core.NamedFormatterTests_Custom" runstate="Runnable" seed="1510957510" result="Passed" start-time="2016-09-13 08:02:53Z" end-time="2016-09-13 08:02:53Z" duration="0.000448" asserts="1" />
              <test-case id="1205" name="Invoke_extensions_by_name_or_shortname(&quot;{0:plural:one|many}&quot;,1,&quot;one&quot;)" fullname="SmartFormat.Tests.Core.NamedFormatterTests_Custom.Invoke_extensions_by_name_or_shortname(&quot;{0:plural:one|many}&quot;,1,&quot;one&quot;)" methodname="Invoke_extensions_by_name_or_shortname" classname="SmartFormat.Tests.Core.NamedFormatterTests_Custom" runstate="Runnable" seed="920830446" result="Passed" start-time="2016-09-13 08:02:53Z" end-time="2016-09-13 08:02:53Z" duration="0.001588" asserts="1" />
              <test-case id="1206" name="Invoke_extensions_by_name_or_shortname(&quot;{0:plural:one|many}&quot;,2,&quot;many&quot;)" fullname="SmartFormat.Tests.Core.NamedFormatterTests_Custom.Invoke_extensions_by_name_or_shortname(&quot;{0:plural:one|many}&quot;,2,&quot;many&quot;)" methodname="Invoke_extensions_by_name_or_shortname" classname="SmartFormat.Tests.Core.NamedFormatterTests_Custom" runstate="Runnable" seed="920249539" result="Passed" start-time="2016-09-13 08:02:53Z" end-time="2016-09-13 08:02:53Z" duration="0.000176" asserts="1" />
              <test-case id="1207" name="Invoke_extensions_by_name_or_shortname(&quot;{0:p:one|many}&quot;,1,&quot;one&quot;)" fullname="SmartFormat.Tests.Core.NamedFormatterTests_Custom.Invoke_extensions_by_name_or_shortname(&quot;{0:p:one|many}&quot;,1,&quot;one&quot;)" methodname="Invoke_extensions_by_name_or_shortname" classname="SmartFormat.Tests.Core.NamedFormatterTests_Custom" runstate="Runnable" seed="1391821577" result="Passed" start-time="2016-09-13 08:02:53Z" end-time="2016-09-13 08:02:53Z" duration="0.000283" asserts="1" />
              <test-case id="1208" name="Invoke_extensions_by_name_or_shortname(&quot;{0:p:one|many}&quot;,2,&quot;many&quot;)" fullname="SmartFormat.Tests.Core.NamedFormatterTests_Custom.Invoke_extensions_by_name_or_shortname(&quot;{0:p:one|many}&quot;,2,&quot;many&quot;)" methodname="Invoke_extensions_by_name_or_shortname" classname="SmartFormat.Tests.Core.NamedFormatterTests_Custom" runstate="Runnable" seed="432002386" result="Passed" start-time="2016-09-13 08:02:53Z" end-time="2016-09-13 08:02:53Z" duration="0.000266" asserts="1" />
              <test-case id="1209" name="Invoke_extensions_by_name_or_shortname(&quot;{0:list:+{}|, |, and }&quot;,System.Int32[],&quot;+1, +2, and +3&quot;)" fullname="SmartFormat.Tests.Core.NamedFormatterTests_Custom.Invoke_extensions_by_name_or_shortname(&quot;{0:list:+{}|, |, and }&quot;,System.Int32[],&quot;+1, +2, and +3&quot;)" methodname="Invoke_extensions_by_name_or_shortname" classname="SmartFormat.Tests.Core.NamedFormatterTests_Custom" runstate="Runnable" seed="1237807399" result="Passed" start-time="2016-09-13 08:02:53Z" end-time="2016-09-13 08:02:53Z" duration="0.007587" asserts="1" />
              <test-case id="1210" name="Invoke_extensions_by_name_or_shortname(&quot;{0:l:+{}|, |, and }&quot;,System.Int32[],&quot;+1, +2, and +3&quot;)" fullname="SmartFormat.Tests.Core.NamedFormatterTests_Custom.Invoke_extensions_by_name_or_shortname(&quot;{0:l:+{}|, |, and }&quot;,System.Int32[],&quot;+1, +2, and +3&quot;)" methodname="Invoke_extensions_by_name_or_shortname" classname="SmartFormat.Tests.Core.NamedFormatterTests_Custom" runstate="Runnable" seed="1920082214" result="Passed" start-time="2016-09-13 08:02:53Z" end-time="2016-09-13 08:02:53Z" duration="0.000345" asserts="1" />
              <test-case id="1211" name="Invoke_extensions_by_name_or_shortname(&quot;{0:default()}&quot;,5,&quot;5&quot;)" fullname="SmartFormat.Tests.Core.NamedFormatterTests_Custom.Invoke_extensions_by_name_or_shortname(&quot;{0:default()}&quot;,5,&quot;5&quot;)" methodname="Invoke_extensions_by_name_or_shortname" classname="SmartFormat.Tests.Core.NamedFormatterTests_Custom" runstate="Runnable" seed="1299048800" result="Passed" start-time="2016-09-13 08:02:53Z" end-time="2016-09-13 08:02:53Z" duration="0.000334" asserts="1" />
              <test-case id="1212" name="Invoke_extensions_by_name_or_shortname(&quot;{0:default:N2}&quot;,5,&quot;5.00&quot;)" fullname="SmartFormat.Tests.Core.NamedFormatterTests_Custom.Invoke_extensions_by_name_or_shortname(&quot;{0:default:N2}&quot;,5,&quot;5.00&quot;)" methodname="Invoke_extensions_by_name_or_shortname" classname="SmartFormat.Tests.Core.NamedFormatterTests_Custom" runstate="Runnable" seed="1531192349" result="Passed" start-time="2016-09-13 08:02:53Z" end-time="2016-09-13 08:02:53Z" duration="0.000278" asserts="1" />
              <test-case id="1213" name="Invoke_extensions_by_name_or_shortname(&quot;{0:d()}&quot;,5,&quot;5&quot;)" fullname="SmartFormat.Tests.Core.NamedFormatterTests_Custom.Invoke_extensions_by_name_or_shortname(&quot;{0:d()}&quot;,5,&quot;5&quot;)" methodname="Invoke_extensions_by_name_or_shortname" classname="SmartFormat.Tests.Core.NamedFormatterTests_Custom" runstate="Runnable" seed="264949958" result="Passed" start-time="2016-09-13 08:02:53Z" end-time="2016-09-13 08:02:53Z" duration="0.000401" asserts="1" />
              <test-case id="1214" name="Invoke_extensions_by_name_or_shortname(&quot;{0:d:N2}&quot;,5,&quot;5.00&quot;)" fullname="SmartFormat.Tests.Core.NamedFormatterTests_Custom.Invoke_extensions_by_name_or_shortname(&quot;{0:d:N2}&quot;,5,&quot;5.00&quot;)" methodname="Invoke_extensions_by_name_or_shortname" classname="SmartFormat.Tests.Core.NamedFormatterTests_Custom" runstate="Runnable" seed="732981332" result="Passed" start-time="2016-09-13 08:02:53Z" end-time="2016-09-13 08:02:53Z" duration="0.000203" asserts="1" />
            </test-suite>
            <test-suite type="ParameterizedMethod" id="1235" name="NamedFormatter_invokes_a_specific_formatter" fullname="SmartFormat.Tests.Core.NamedFormatterTests_Custom.NamedFormatter_invokes_a_specific_formatter" classname="SmartFormat.Tests.Core.NamedFormatterTests_Custom" runstate="Runnable" testcasecount="16" result="Passed" start-time="2016-09-13 08:02:53Z" end-time="2016-09-13 08:02:53Z" duration="0.029824" total="16" passed="16" failed="0" inconclusive="0" skipped="0" asserts="16">
              <test-case id="1219" name="NamedFormatter_invokes_a_specific_formatter(&quot;{0:test1:}&quot;,5,&quot;TestExtension1 Options: , Format: &quot;)" fullname="SmartFormat.Tests.Core.NamedFormatterTests_Custom.NamedFormatter_invokes_a_specific_formatter(&quot;{0:test1:}&quot;,5,&quot;TestExtension1 Options: , Format: &quot;)" methodname="NamedFormatter_invokes_a_specific_formatter" classname="SmartFormat.Tests.Core.NamedFormatterTests_Custom" runstate="Runnable" seed="1719776631" result="Passed" start-time="2016-09-13 08:02:53Z" end-time="2016-09-13 08:02:53Z" duration="0.000477" asserts="1" />
              <test-case id="1220" name="NamedFormatter_invokes_a_specific_formatter(&quot;{0:test1():}&quot;,5,&quot;TestExtension1 Options: , Format: &quot;)" fullname="SmartFormat.Tests.Core.NamedFormatterTests_Custom.NamedFormatter_invokes_a_specific_formatter(&quot;{0:test1():}&quot;,5,&quot;TestExtension1 Options: , Format: &quot;)" methodname="NamedFormatter_invokes_a_specific_formatter" classname="SmartFormat.Tests.Core.NamedFormatterTests_Custom" runstate="Runnable" seed="454262467" result="Passed" start-time="2016-09-13 08:02:53Z" end-time="2016-09-13 08:02:53Z" duration="0.000201" asserts="1" />
              <test-case id="1221" name="NamedFormatter_invokes_a_specific_formatter(&quot;{0:test1:N2}&quot;,5,&quot;TestExtension1 Options: , Format: N2&quot;)" fullname="SmartFormat.Tests.Core.NamedFormatterTests_Custom.NamedFormatter_invokes_a_specific_formatter(&quot;{0:test1:N2}&quot;,5,&quot;TestExtension1 Options: , Format: N2&quot;)" methodname="NamedFormatter_invokes_a_specific_formatter" classname="SmartFormat.Tests.Core.NamedFormatterTests_Custom" runstate="Runnable" seed="1059035825" result="Passed" start-time="2016-09-13 08:02:53Z" end-time="2016-09-13 08:02:53Z" duration="0.000129" asserts="1" />
              <test-case id="1222" name="NamedFormatter_invokes_a_specific_formatter(&quot;{0:test1():N2}&quot;,5,&quot;TestExtension1 Options: , Format: N2&quot;)" fullname="SmartFormat.Tests.Core.NamedFormatterTests_Custom.NamedFormatter_invokes_a_specific_formatter(&quot;{0:test1():N2}&quot;,5,&quot;TestExtension1 Options: , Format: N2&quot;)" methodname="NamedFormatter_invokes_a_specific_formatter" classname="SmartFormat.Tests.Core.NamedFormatterTests_Custom" runstate="Runnable" seed="132057968" result="Passed" start-time="2016-09-13 08:02:53Z" end-time="2016-09-13 08:02:53Z" duration="0.000125" asserts="1" />
              <test-case id="1223" name="NamedFormatter_invokes_a_specific_formatter(&quot;{0:test1(a,b,c):}&quot;,5,&quot;TestExtension1 Options: a,b,c, Format: &quot;)" fullname="SmartFormat.Tests.Core.NamedFormatterTests_Custom.NamedFormatter_invokes_a_specific_formatter(&quot;{0:test1(a,b,c):}&quot;,5,&quot;TestExtension1 Options: a,b,c, Format: &quot;)" methodname="NamedFormatter_invokes_a_specific_formatter" classname="SmartFormat.Tests.Core.NamedFormatterTests_Custom" runstate="Runnable" seed="382713108" result="Passed" start-time="2016-09-13 08:02:53Z" end-time="2016-09-13 08:02:53Z" duration="0.000223" asserts="1" />
              <test-case id="1224" name="NamedFormatter_invokes_a_specific_formatter(&quot;{0:test1(a,b,c):N2}&quot;,5,&quot;TestExtension1 Options: a,b,c, Format: N2&quot;)" fullname="SmartFormat.Tests.Core.NamedFormatterTests_Custom.NamedFormatter_invokes_a_specific_formatter(&quot;{0:test1(a,b,c):N2}&quot;,5,&quot;TestExtension1 Options: a,b,c, Format: N2&quot;)" methodname="NamedFormatter_invokes_a_specific_formatter" classname="SmartFormat.Tests.Core.NamedFormatterTests_Custom" runstate="Runnable" seed="546307579" result="Passed" start-time="2016-09-13 08:02:53Z" end-time="2016-09-13 08:02:53Z" duration="0.000215" asserts="1" />
              <test-case id="1225" name="NamedFormatter_invokes_a_specific_formatter(&quot;{0:test2:}&quot;,5,&quot;TestExtension2 Options: , Format: &quot;)" fullname="SmartFormat.Tests.Core.NamedFormatterTests_Custom.NamedFormatter_invokes_a_specific_formatter(&quot;{0:test2:}&quot;,5,&quot;TestExtension2 Options: , Format: &quot;)" methodname="NamedFormatter_invokes_a_specific_formatter" classname="SmartFormat.Tests.Core.NamedFormatterTests_Custom" runstate="Runnable" seed="492203129" result="Passed" start-time="2016-09-13 08:02:53Z" end-time="2016-09-13 08:02:53Z" duration="0.001035" asserts="1" />
              <test-case id="1226" name="NamedFormatter_invokes_a_specific_formatter(&quot;{0:test2():}&quot;,5,&quot;TestExtension2 Options: , Format: &quot;)" fullname="SmartFormat.Tests.Core.NamedFormatterTests_Custom.NamedFormatter_invokes_a_specific_formatter(&quot;{0:test2():}&quot;,5,&quot;TestExtension2 Options: , Format: &quot;)" methodname="NamedFormatter_invokes_a_specific_formatter" classname="SmartFormat.Tests.Core.NamedFormatterTests_Custom" runstate="Runnable" seed="1572254178" result="Passed" start-time="2016-09-13 08:02:53Z" end-time="2016-09-13 08:02:53Z" duration="0.000251" asserts="1" />
              <test-case id="1227" name="NamedFormatter_invokes_a_specific_formatter(&quot;{0:test2:N2}&quot;,5,&quot;TestExtension2 Options: , Format: N2&quot;)" fullname="SmartFormat.Tests.Core.NamedFormatterTests_Custom.NamedFormatter_invokes_a_specific_formatter(&quot;{0:test2:N2}&quot;,5,&quot;TestExtension2 Options: , Format: N2&quot;)" methodname="NamedFormatter_invokes_a_specific_formatter" classname="SmartFormat.Tests.Core.NamedFormatterTests_Custom" runstate="Runnable" seed="873031798" result="Passed" start-time="2016-09-13 08:02:53Z" end-time="2016-09-13 08:02:53Z" duration="0.000238" asserts="1" />
              <test-case id="1228" name="NamedFormatter_invokes_a_specific_formatter(&quot;{0:test2():N2}&quot;,5,&quot;TestExtension2 Options: , Format: N2&quot;)" fullname="SmartFormat.Tests.Core.NamedFormatterTests_Custom.NamedFormatter_invokes_a_specific_formatter(&quot;{0:test2():N2}&quot;,5,&quot;TestExtension2 Options: , Format: N2&quot;)" methodname="NamedFormatter_invokes_a_specific_formatter" classname="SmartFormat.Tests.Core.NamedFormatterTests_Custom" runstate="Runnable" seed="1447846267" result="Passed" start-time="2016-09-13 08:02:53Z" end-time="2016-09-13 08:02:53Z" duration="0.000565" asserts="1" />
              <test-case id="1229" name="NamedFormatter_invokes_a_specific_formatter(&quot;{0:test2(a,b,c):}&quot;,5,&quot;TestExtension2 Options: a,b,c, Format: &quot;)" fullname="SmartFormat.Tests.Core.NamedFormatterTests_Custom.NamedFormatter_invokes_a_specific_formatter(&quot;{0:test2(a,b,c):}&quot;,5,&quot;TestExtension2 Options: a,b,c, Format: &quot;)" methodname="NamedFormatter_invokes_a_specific_formatter" classname="SmartFormat.Tests.Core.NamedFormatterTests_Custom" runstate="Runnable" seed="174108029" result="Passed" start-time="2016-09-13 08:02:53Z" end-time="2016-09-13 08:02:53Z" duration="0.000141" asserts="1" />
              <test-case id="1230" name="NamedFormatter_invokes_a_specific_formatter(&quot;{0:test2(a,b,c):N2}&quot;,5,&quot;TestExtension2 Options: a,b,c, Format: N2&quot;)" fullname="SmartFormat.Tests.Core.NamedFormatterTests_Custom.NamedFormatter_invokes_a_specific_formatter(&quot;{0:test2(a,b,c):N2}&quot;,5,&quot;TestExtension2 Options: a,b,c, Format: N2&quot;)" methodname="NamedFormatter_invokes_a_specific_formatter" classname="SmartFormat.Tests.Core.NamedFormatterTests_Custom" runstate="Runnable" seed="538424277" result="Passed" start-time="2016-09-13 08:02:53Z" end-time="2016-09-13 08:02:53Z" duration="0.000130" asserts="1" />
              <test-case id="1231" name="NamedFormatter_invokes_a_specific_formatter(&quot;{0:default:}&quot;,5,&quot;5&quot;)" fullname="SmartFormat.Tests.Core.NamedFormatterTests_Custom.NamedFormatter_invokes_a_specific_formatter(&quot;{0:default:}&quot;,5,&quot;5&quot;)" methodname="NamedFormatter_invokes_a_specific_formatter" classname="SmartFormat.Tests.Core.NamedFormatterTests_Custom" runstate="Runnable" seed="1884706602" result="Passed" start-time="2016-09-13 08:02:53Z" end-time="2016-09-13 08:02:53Z" duration="0.000303" asserts="1" />
              <test-case id="1232" name="NamedFormatter_invokes_a_specific_formatter(&quot;{0:default():}&quot;,5,&quot;5&quot;)" fullname="SmartFormat.Tests.Core.NamedFormatterTests_Custom.NamedFormatter_invokes_a_specific_formatter(&quot;{0:default():}&quot;,5,&quot;5&quot;)" methodname="NamedFormatter_invokes_a_specific_formatter" classname="SmartFormat.Tests.Core.NamedFormatterTests_Custom" runstate="Runnable" seed="2044717756" result="Passed" start-time="2016-09-13 08:02:53Z" end-time="2016-09-13 08:02:53Z" duration="0.000210" asserts="1" />
              <test-case id="1233" name="NamedFormatter_invokes_a_specific_formatter(&quot;{0:default:N2}&quot;,5,&quot;5.00&quot;)" fullname="SmartFormat.Tests.Core.NamedFormatterTests_Custom.NamedFormatter_invokes_a_specific_formatter(&quot;{0:default:N2}&quot;,5,&quot;5.00&quot;)" methodname="NamedFormatter_invokes_a_specific_formatter" classname="SmartFormat.Tests.Core.NamedFormatterTests_Custom" runstate="Runnable" seed="1156840824" result="Passed" start-time="2016-09-13 08:02:53Z" end-time="2016-09-13 08:02:53Z" duration="0.000222" asserts="1" />
              <test-case id="1234" name="NamedFormatter_invokes_a_specific_formatter(&quot;{0:default():N2}&quot;,5,&quot;5.00&quot;)" fullname="SmartFormat.Tests.Core.NamedFormatterTests_Custom.NamedFormatter_invokes_a_specific_formatter(&quot;{0:default():N2}&quot;,5,&quot;5.00&quot;)" methodname="NamedFormatter_invokes_a_specific_formatter" classname="SmartFormat.Tests.Core.NamedFormatterTests_Custom" runstate="Runnable" seed="1728611988" result="Passed" start-time="2016-09-13 08:02:53Z" end-time="2016-09-13 08:02:53Z" duration="0.000282" asserts="1" />
            </test-suite>
            <test-suite type="ParameterizedMethod" id="1239" name="Unhandled_formats_throw" fullname="SmartFormat.Tests.Core.NamedFormatterTests_Custom.Unhandled_formats_throw" classname="SmartFormat.Tests.Core.NamedFormatterTests_Custom" runstate="Runnable" testcasecount="3" result="Passed" start-time="2016-09-13 08:02:53Z" end-time="2016-09-13 08:02:53Z" duration="0.012921" total="3" passed="3" failed="0" inconclusive="0" skipped="0" asserts="3">
              <test-case id="1236" name="Unhandled_formats_throw(&quot;{0:invalid:}&quot;)" fullname="SmartFormat.Tests.Core.NamedFormatterTests_Custom.Unhandled_formats_throw(&quot;{0:invalid:}&quot;)" methodname="Unhandled_formats_throw" classname="SmartFormat.Tests.Core.NamedFormatterTests_Custom" runstate="Runnable" seed="331091167" result="Passed" start-time="2016-09-13 08:02:53Z" end-time="2016-09-13 08:02:53Z" duration="0.009713" asserts="1" />
              <test-case id="1237" name="Unhandled_formats_throw(&quot;{0:invalid():}&quot;)" fullname="SmartFormat.Tests.Core.NamedFormatterTests_Custom.Unhandled_formats_throw(&quot;{0:invalid():}&quot;)" methodname="Unhandled_formats_throw" classname="SmartFormat.Tests.Core.NamedFormatterTests_Custom" runstate="Runnable" seed="858635045" result="Passed" start-time="2016-09-13 08:02:53Z" end-time="2016-09-13 08:02:53Z" duration="0.000212" asserts="1" />
              <test-case id="1238" name="Unhandled_formats_throw(&quot;{0:invalid(___):___}&quot;)" fullname="SmartFormat.Tests.Core.NamedFormatterTests_Custom.Unhandled_formats_throw(&quot;{0:invalid(___):___}&quot;)" methodname="Unhandled_formats_throw" classname="SmartFormat.Tests.Core.NamedFormatterTests_Custom" runstate="Runnable" seed="462634943" result="Passed" start-time="2016-09-13 08:02:53Z" end-time="2016-09-13 08:02:53Z" duration="0.000155" asserts="1" />
            </test-suite>
            <test-suite type="ParameterizedMethod" id="1218" name="Without_NamedFormatter_extensions_are_invoked_in_order" fullname="SmartFormat.Tests.Core.NamedFormatterTests_Custom.Without_NamedFormatter_extensions_are_invoked_in_order" classname="SmartFormat.Tests.Core.NamedFormatterTests_Custom" runstate="Runnable" testcasecount="2" result="Passed" start-time="2016-09-13 08:02:53Z" end-time="2016-09-13 08:02:53Z" duration="0.003616" total="2" passed="2" failed="0" inconclusive="0" skipped="0" asserts="2">
              <test-case id="1216" name="Without_NamedFormatter_extensions_are_invoked_in_order(&quot;{0}&quot;,5,&quot;TestExtension1 Options: , Format: &quot;)" fullname="SmartFormat.Tests.Core.NamedFormatterTests_Custom.Without_NamedFormatter_extensions_are_invoked_in_order(&quot;{0}&quot;,5,&quot;TestExtension1 Options: , Format: &quot;)" methodname="Without_NamedFormatter_extensions_are_invoked_in_order" classname="SmartFormat.Tests.Core.NamedFormatterTests_Custom" runstate="Runnable" seed="550591000" result="Passed" start-time="2016-09-13 08:02:53Z" end-time="2016-09-13 08:02:53Z" duration="0.000330" asserts="1" />
              <test-case id="1217" name="Without_NamedFormatter_extensions_are_invoked_in_order(&quot;{0:N2}&quot;,5,&quot;TestExtension1 Options: , Format: N2&quot;)" fullname="SmartFormat.Tests.Core.NamedFormatterTests_Custom.Without_NamedFormatter_extensions_are_invoked_in_order(&quot;{0:N2}&quot;,5,&quot;TestExtension1 Options: , Format: N2&quot;)" methodname="Without_NamedFormatter_extensions_are_invoked_in_order" classname="SmartFormat.Tests.Core.NamedFormatterTests_Custom" runstate="Runnable" seed="1512221933" result="Passed" start-time="2016-09-13 08:02:53Z" end-time="2016-09-13 08:02:53Z" duration="0.000104" asserts="1" />
            </test-suite>
          </test-suite>
          <test-suite type="TestFixture" id="1244" name="NestingTests" fullname="SmartFormat.Tests.Core.NestingTests" classname="SmartFormat.Tests.Core.NestingTests" runstate="Runnable" testcasecount="6" result="Passed" start-time="2016-09-13 08:02:53Z" end-time="2016-09-13 08:02:53Z" duration="0.014182" total="6" passed="6" failed="0" inconclusive="0" skipped="0" asserts="6">
            <test-suite type="ParameterizedMethod" id="1252" name="Nesting_can_access_outer_scopes" fullname="SmartFormat.Tests.Core.NestingTests.Nesting_can_access_outer_scopes" classname="SmartFormat.Tests.Core.NestingTests" runstate="Runnable" testcasecount="4" result="Passed" start-time="2016-09-13 08:02:53Z" end-time="2016-09-13 08:02:53Z" duration="0.009402" total="4" passed="4" failed="0" inconclusive="0" skipped="0" asserts="4">
              <test-case id="1248" name="Nesting_can_access_outer_scopes(&quot;{ChildOne.ChildTwo.ChildThree: {Four} {One} }&quot;,&quot; 4 1 &quot;)" fullname="SmartFormat.Tests.Core.NestingTests.Nesting_can_access_outer_scopes(&quot;{ChildOne.ChildTwo.ChildThree: {Four} {One} }&quot;,&quot; 4 1 &quot;)" methodname="Nesting_can_access_outer_scopes" classname="SmartFormat.Tests.Core.NestingTests" runstate="Runnable" seed="1908256593" result="Passed" start-time="2016-09-13 08:02:53Z" end-time="2016-09-13 08:02:53Z" duration="0.000950" asserts="1" />
              <test-case id="1249" name="Nesting_can_access_outer_scopes(&quot;{ChildOne: {ChildTwo: {ChildThree: {Four} {Three} {Two} {One} } } }&quot;,&quot;   4 3 2 1   &quot;)" fullname="SmartFormat.Tests.Core.NestingTests.Nesting_can_access_outer_scopes(&quot;{ChildOne: {ChildTwo: {ChildThree: {Four} {Three} {Two} {One} } } }&quot;,&quot;   4 3 2 1   &quot;)" methodname="Nesting_can_access_outer_scopes" classname="SmartFormat.Tests.Core.NestingTests" runstate="Runnable" seed="1976188602" result="Passed" start-time="2016-09-13 08:02:53Z" end-time="2016-09-13 08:02:53Z" duration="0.001431" asserts="1" />
              <test-case id="1250" name="Nesting_can_access_outer_scopes(&quot;{ChildOne: {ChildTwo: {ChildThree: {Four} {ChildTwo.Three} {ChildOne.Two} {One} } } }&quot;,&quot;   4 3 2 1   &quot;)" fullname="SmartFormat.Tests.Core.NestingTests.Nesting_can_access_outer_scopes(&quot;{ChildOne: {ChildTwo: {ChildThree: {Four} {ChildTwo.Three} {ChildOne.Two} {One} } } }&quot;,&quot;   4 3 2 1   &quot;)" methodname="Nesting_can_access_outer_scopes" classname="SmartFormat.Tests.Core.NestingTests" runstate="Runnable" seed="1836040524" result="Passed" start-time="2016-09-13 08:02:53Z" end-time="2016-09-13 08:02:53Z" duration="0.000569" asserts="1" />
              <test-case id="1251" name="Nesting_can_access_outer_scopes(&quot;{ChildOne: {ChildTwo: {ChildThree: {ChildOne: {ChildTwo: {ChildThree: {Four} } } } } } }&quot;,&quot;      4      &quot;)" fullname="SmartFormat.Tests.Core.NestingTests.Nesting_can_access_outer_scopes(&quot;{ChildOne: {ChildTwo: {ChildThree: {ChildOne: {ChildTwo: {ChildThree: {Four} } } } } } }&quot;,&quot;      4      &quot;)" methodname="Nesting_can_access_outer_scopes" classname="SmartFormat.Tests.Core.NestingTests" runstate="Runnable" seed="181494936" result="Passed" start-time="2016-09-13 08:02:53Z" end-time="2016-09-13 08:02:53Z" duration="0.000320" asserts="1" />
            </test-suite>
            <test-suite type="ParameterizedMethod" id="1247" name="Nesting_can_access_root_via_number" fullname="SmartFormat.Tests.Core.NestingTests.Nesting_can_access_root_via_number" classname="SmartFormat.Tests.Core.NestingTests" runstate="Runnable" testcasecount="2" result="Passed" start-time="2016-09-13 08:02:53Z" end-time="2016-09-13 08:02:53Z" duration="0.002571" total="2" passed="2" failed="0" inconclusive="0" skipped="0" asserts="2">
              <test-case id="1245" name="Nesting_can_access_root_via_number(&quot;{ChildOne.ChildTwo: {Three} {0.One} }&quot;,&quot; 3 1 &quot;)" fullname="SmartFormat.Tests.Core.NestingTests.Nesting_can_access_root_via_number(&quot;{ChildOne.ChildTwo: {Three} {0.One} }&quot;,&quot; 3 1 &quot;)" methodname="Nesting_can_access_root_via_number" classname="SmartFormat.Tests.Core.NestingTests" runstate="Runnable" seed="519739914" result="Passed" start-time="2016-09-13 08:02:53Z" end-time="2016-09-13 08:02:53Z" duration="0.000423" asserts="1" />
              <test-case id="1246" name="Nesting_can_access_root_via_number(&quot;{ChildOne.ChildTwo.ChildThree: {Four} {0.ChildOne: {Two} {0.One} } }&quot;,&quot; 4  2 1  &quot;)" fullname="SmartFormat.Tests.Core.NestingTests.Nesting_can_access_root_via_number(&quot;{ChildOne.ChildTwo.ChildThree: {Four} {0.ChildOne: {Two} {0.One} } }&quot;,&quot; 4  2 1  &quot;)" methodname="Nesting_can_access_root_via_number" classname="SmartFormat.Tests.Core.NestingTests" runstate="Runnable" seed="1253830927" result="Passed" start-time="2016-09-13 08:02:53Z" end-time="2016-09-13 08:02:53Z" duration="0.000151" asserts="1" />
            </test-suite>
          </test-suite>
          <test-suite type="TestFixture" id="1253" name="ParserTests" fullname="SmartFormat.Tests.Core.ParserTests" classname="SmartFormat.Tests.Core.ParserTests" runstate="Runnable" testcasecount="41" result="Passed" start-time="2016-09-13 08:02:53Z" end-time="2016-09-13 08:02:54Z" duration="0.101714" total="41" passed="41" failed="0" inconclusive="0" skipped="0" asserts="148">
            <test-suite type="ParameterizedMethod" id="1290" name="NamedFormatter_should_be_null_when_empty_or_invalid_or_escaped" fullname="SmartFormat.Tests.Core.ParserTests.NamedFormatter_should_be_null_when_empty_or_invalid_or_escaped" classname="SmartFormat.Tests.Core.ParserTests" runstate="Runnable" testcasecount="20" result="Passed" start-time="2016-09-13 08:02:53Z" end-time="2016-09-13 08:02:53Z" duration="0.031748" total="20" passed="20" failed="0" inconclusive="0" skipped="0" asserts="60">
              <test-case id="1270" name="NamedFormatter_should_be_null_when_empty_or_invalid_or_escaped(&quot;{0:format}&quot;)" fullname="SmartFormat.Tests.Core.ParserTests.NamedFormatter_should_be_null_when_empty_or_invalid_or_escaped(&quot;{0:format}&quot;)" methodname="NamedFormatter_should_be_null_when_empty_or_invalid_or_escaped" classname="SmartFormat.Tests.Core.ParserTests" runstate="Runnable" seed="1090352325" result="Passed" start-time="2016-09-13 08:02:53Z" end-time="2016-09-13 08:02:53Z" duration="0.003704" asserts="3" />
              <test-case id="1271" name="NamedFormatter_should_be_null_when_empty_or_invalid_or_escaped(&quot;{0:format(}&quot;)" fullname="SmartFormat.Tests.Core.ParserTests.NamedFormatter_should_be_null_when_empty_or_invalid_or_escaped(&quot;{0:format(}&quot;)" methodname="NamedFormatter_should_be_null_when_empty_or_invalid_or_escaped" classname="SmartFormat.Tests.Core.ParserTests" runstate="Runnable" seed="449208242" result="Passed" start-time="2016-09-13 08:02:53Z" end-time="2016-09-13 08:02:53Z" duration="0.000176" asserts="3" />
              <test-case id="1272" name="NamedFormatter_should_be_null_when_empty_or_invalid_or_escaped(&quot;{0:format)}&quot;)" fullname="SmartFormat.Tests.Core.ParserTests.NamedFormatter_should_be_null_when_empty_or_invalid_or_escaped(&quot;{0:format)}&quot;)" methodname="NamedFormatter_should_be_null_when_empty_or_invalid_or_escaped" classname="SmartFormat.Tests.Core.ParserTests" runstate="Runnable" seed="1965192160" result="Passed" start-time="2016-09-13 08:02:53Z" end-time="2016-09-13 08:02:53Z" duration="0.000110" asserts="3" />
              <test-case id="1273" name="NamedFormatter_should_be_null_when_empty_or_invalid_or_escaped(&quot;{0:(format)}&quot;)" fullname="SmartFormat.Tests.Core.ParserTests.NamedFormatter_should_be_null_when_empty_or_invalid_or_escaped(&quot;{0:(format)}&quot;)" methodname="NamedFormatter_should_be_null_when_empty_or_invalid_or_escaped" classname="SmartFormat.Tests.Core.ParserTests" runstate="Runnable" seed="620029534" result="Passed" start-time="2016-09-13 08:02:53Z" end-time="2016-09-13 08:02:53Z" duration="0.000112" asserts="3" />
              <test-case id="1274" name="NamedFormatter_should_be_null_when_empty_or_invalid_or_escaped(&quot;{0:format()stuff}&quot;)" fullname="SmartFormat.Tests.Core.ParserTests.NamedFormatter_should_be_null_when_empty_or_invalid_or_escaped(&quot;{0:format()stuff}&quot;)" methodname="NamedFormatter_should_be_null_when_empty_or_invalid_or_escaped" classname="SmartFormat.Tests.Core.ParserTests" runstate="Runnable" seed="1232446315" result="Passed" start-time="2016-09-13 08:02:53Z" end-time="2016-09-13 08:02:53Z" duration="0.000105" asserts="3" />
              <test-case id="1275" name="NamedFormatter_should_be_null_when_empty_or_invalid_or_escaped(&quot;{0:format() :}&quot;)" fullname="SmartFormat.Tests.Core.ParserTests.NamedFormatter_should_be_null_when_empty_or_invalid_or_escaped(&quot;{0:format() :}&quot;)" methodname="NamedFormatter_should_be_null_when_empty_or_invalid_or_escaped" classname="SmartFormat.Tests.Core.ParserTests" runstate="Runnable" seed="46323090" result="Passed" start-time="2016-09-13 08:02:53Z" end-time="2016-09-13 08:02:53Z" duration="0.000326" asserts="3" />
              <test-case id="1276" name="NamedFormatter_should_be_null_when_empty_or_invalid_or_escaped(&quot;{0:format(s)|stuff}&quot;)" fullname="SmartFormat.Tests.Core.ParserTests.NamedFormatter_should_be_null_when_empty_or_invalid_or_escaped(&quot;{0:format(s)|stuff}&quot;)" methodname="NamedFormatter_should_be_null_when_empty_or_invalid_or_escaped" classname="SmartFormat.Tests.Core.ParserTests" runstate="Runnable" seed="368631204" result="Passed" start-time="2016-09-13 08:02:53Z" end-time="2016-09-13 08:02:53Z" duration="0.000223" asserts="3" />
              <test-case id="1277" name="NamedFormatter_should_be_null_when_empty_or_invalid_or_escaped(&quot;{0:format(s)stuff:}&quot;)" fullname="SmartFormat.Tests.Core.ParserTests.NamedFormatter_should_be_null_when_empty_or_invalid_or_escaped(&quot;{0:format(s)stuff:}&quot;)" methodname="NamedFormatter_should_be_null_when_empty_or_invalid_or_escaped" classname="SmartFormat.Tests.Core.ParserTests" runstate="Runnable" seed="711468587" result="Passed" start-time="2016-09-13 08:02:53Z" end-time="2016-09-13 08:02:53Z" duration="0.000182" asserts="3" />
              <test-case id="1278" name="NamedFormatter_should_be_null_when_empty_or_invalid_or_escaped(&quot;{0:format(:}&quot;)" fullname="SmartFormat.Tests.Core.ParserTests.NamedFormatter_should_be_null_when_empty_or_invalid_or_escaped(&quot;{0:format(:}&quot;)" methodname="NamedFormatter_should_be_null_when_empty_or_invalid_or_escaped" classname="SmartFormat.Tests.Core.ParserTests" runstate="Runnable" seed="1756822999" result="Passed" start-time="2016-09-13 08:02:53Z" end-time="2016-09-13 08:02:53Z" duration="0.000204" asserts="3" />
              <test-case id="1279" name="NamedFormatter_should_be_null_when_empty_or_invalid_or_escaped(&quot;{0:format):}&quot;)" fullname="SmartFormat.Tests.Core.ParserTests.NamedFormatter_should_be_null_when_empty_or_invalid_or_escaped(&quot;{0:format):}&quot;)" methodname="NamedFormatter_should_be_null_when_empty_or_invalid_or_escaped" classname="SmartFormat.Tests.Core.ParserTests" runstate="Runnable" seed="1663804724" result="Passed" start-time="2016-09-13 08:02:53Z" end-time="2016-09-13 08:02:53Z" duration="0.000116" asserts="3" />
              <test-case id="1280" name="NamedFormatter_should_be_null_when_empty_or_invalid_or_escaped(&quot;{0:format\\()}&quot;)" fullname="SmartFormat.Tests.Core.ParserTests.NamedFormatter_should_be_null_when_empty_or_invalid_or_escaped(&quot;{0:format\\()}&quot;)" methodname="NamedFormatter_should_be_null_when_empty_or_invalid_or_escaped" classname="SmartFormat.Tests.Core.ParserTests" runstate="Runnable" seed="1441408074" result="Passed" start-time="2016-09-13 08:02:53Z" end-time="2016-09-13 08:02:53Z" duration="0.000105" asserts="3" />
              <test-case id="1281" name="NamedFormatter_should_be_null_when_empty_or_invalid_or_escaped(&quot;{0:format(\\)}&quot;)" fullname="SmartFormat.Tests.Core.ParserTests.NamedFormatter_should_be_null_when_empty_or_invalid_or_escaped(&quot;{0:format(\\)}&quot;)" methodname="NamedFormatter_should_be_null_when_empty_or_invalid_or_escaped" classname="SmartFormat.Tests.Core.ParserTests" runstate="Runnable" seed="1344077111" result="Passed" start-time="2016-09-13 08:02:53Z" end-time="2016-09-13 08:02:53Z" duration="0.000103" asserts="3" />
              <test-case id="1282" name="NamedFormatter_should_be_null_when_empty_or_invalid_or_escaped(&quot;{0:format\\:}&quot;)" fullname="SmartFormat.Tests.Core.ParserTests.NamedFormatter_should_be_null_when_empty_or_invalid_or_escaped(&quot;{0:format\\:}&quot;)" methodname="NamedFormatter_should_be_null_when_empty_or_invalid_or_escaped" classname="SmartFormat.Tests.Core.ParserTests" runstate="Runnable" seed="1158534511" result="Passed" start-time="2016-09-13 08:02:53Z" end-time="2016-09-13 08:02:53Z" duration="0.000102" asserts="3" />
              <test-case id="1283" name="NamedFormatter_should_be_null_when_empty_or_invalid_or_escaped(&quot;{0:hh\\:mm\\:ss}&quot;)" fullname="SmartFormat.Tests.Core.ParserTests.NamedFormatter_should_be_null_when_empty_or_invalid_or_escaped(&quot;{0:hh\\:mm\\:ss}&quot;)" methodname="NamedFormatter_should_be_null_when_empty_or_invalid_or_escaped" classname="SmartFormat.Tests.Core.ParserTests" runstate="Runnable" seed="942379603" result="Passed" start-time="2016-09-13 08:02:53Z" end-time="2016-09-13 08:02:53Z" duration="0.000143" asserts="3" />
              <test-case id="1284" name="NamedFormatter_should_be_null_when_empty_or_invalid_or_escaped(&quot;{0:}&quot;)" fullname="SmartFormat.Tests.Core.ParserTests.NamedFormatter_should_be_null_when_empty_or_invalid_or_escaped(&quot;{0:}&quot;)" methodname="NamedFormatter_should_be_null_when_empty_or_invalid_or_escaped" classname="SmartFormat.Tests.Core.ParserTests" runstate="Runnable" seed="1983765240" result="Passed" start-time="2016-09-13 08:02:53Z" end-time="2016-09-13 08:02:53Z" duration="0.000103" asserts="3" />
              <test-case id="1285" name="NamedFormatter_should_be_null_when_empty_or_invalid_or_escaped(&quot;{0::}&quot;)" fullname="SmartFormat.Tests.Core.ParserTests.NamedFormatter_should_be_null_when_empty_or_invalid_or_escaped(&quot;{0::}&quot;)" methodname="NamedFormatter_should_be_null_when_empty_or_invalid_or_escaped" classname="SmartFormat.Tests.Core.ParserTests" runstate="Runnable" seed="1514987570" result="Passed" start-time="2016-09-13 08:02:53Z" end-time="2016-09-13 08:02:53Z" duration="0.000234" asserts="3" />
              <test-case id="1286" name="NamedFormatter_should_be_null_when_empty_or_invalid_or_escaped(&quot;{0:()}&quot;)" fullname="SmartFormat.Tests.Core.ParserTests.NamedFormatter_should_be_null_when_empty_or_invalid_or_escaped(&quot;{0:()}&quot;)" methodname="NamedFormatter_should_be_null_when_empty_or_invalid_or_escaped" classname="SmartFormat.Tests.Core.ParserTests" runstate="Runnable" seed="897762788" result="Passed" start-time="2016-09-13 08:02:53Z" end-time="2016-09-13 08:02:53Z" duration="0.000189" asserts="3" />
              <test-case id="1287" name="NamedFormatter_should_be_null_when_empty_or_invalid_or_escaped(&quot;{0:():}&quot;)" fullname="SmartFormat.Tests.Core.ParserTests.NamedFormatter_should_be_null_when_empty_or_invalid_or_escaped(&quot;{0:():}&quot;)" methodname="NamedFormatter_should_be_null_when_empty_or_invalid_or_escaped" classname="SmartFormat.Tests.Core.ParserTests" runstate="Runnable" seed="241064517" result="Passed" start-time="2016-09-13 08:02:53Z" end-time="2016-09-13 08:02:53Z" duration="0.000177" asserts="3" />
              <test-case id="1288" name="NamedFormatter_should_be_null_when_empty_or_invalid_or_escaped(&quot;{0:(1|2|3)}&quot;)" fullname="SmartFormat.Tests.Core.ParserTests.NamedFormatter_should_be_null_when_empty_or_invalid_or_escaped(&quot;{0:(1|2|3)}&quot;)" methodname="NamedFormatter_should_be_null_when_empty_or_invalid_or_escaped" classname="SmartFormat.Tests.Core.ParserTests" runstate="Runnable" seed="467910132" result="Passed" start-time="2016-09-13 08:02:53Z" end-time="2016-09-13 08:02:53Z" duration="0.000160" asserts="3" />
              <test-case id="1289" name="NamedFormatter_should_be_null_when_empty_or_invalid_or_escaped(&quot;{0:(1|2|3):}&quot;)" fullname="SmartFormat.Tests.Core.ParserTests.NamedFormatter_should_be_null_when_empty_or_invalid_or_escaped(&quot;{0:(1|2|3):}&quot;)" methodname="NamedFormatter_should_be_null_when_empty_or_invalid_or_escaped" classname="SmartFormat.Tests.Core.ParserTests" runstate="Runnable" seed="251059309" result="Passed" start-time="2016-09-13 08:02:53Z" end-time="2016-09-13 08:02:53Z" duration="0.000252" asserts="3" />
            </test-suite>
            <test-suite type="ParameterizedMethod" id="1297" name="NamedFormatter_should_be_null_when_has_nesting" fullname="SmartFormat.Tests.Core.ParserTests.NamedFormatter_should_be_null_when_has_nesting" classname="SmartFormat.Tests.Core.ParserTests" runstate="Runnable" testcasecount="6" result="Passed" start-time="2016-09-13 08:02:53Z" end-time="2016-09-13 08:02:53Z" duration="0.006476" total="6" passed="6" failed="0" inconclusive="0" skipped="0" asserts="18">
              <test-case id="1291" name="NamedFormatter_should_be_null_when_has_nesting(&quot;{0:format{}}&quot;,&quot;format&quot;)" fullname="SmartFormat.Tests.Core.ParserTests.NamedFormatter_should_be_null_when_has_nesting(&quot;{0:format{}}&quot;,&quot;format&quot;)" methodname="NamedFormatter_should_be_null_when_has_nesting" classname="SmartFormat.Tests.Core.ParserTests" runstate="Runnable" seed="756050026" result="Passed" start-time="2016-09-13 08:02:53Z" end-time="2016-09-13 08:02:53Z" duration="0.000290" asserts="3" />
              <test-case id="1292" name="NamedFormatter_should_be_null_when_has_nesting(&quot;{0:{}}&quot;,&quot;&quot;)" fullname="SmartFormat.Tests.Core.ParserTests.NamedFormatter_should_be_null_when_has_nesting(&quot;{0:{}}&quot;,&quot;&quot;)" methodname="NamedFormatter_should_be_null_when_has_nesting" classname="SmartFormat.Tests.Core.ParserTests" runstate="Runnable" seed="1181125779" result="Passed" start-time="2016-09-13 08:02:53Z" end-time="2016-09-13 08:02:53Z" duration="0.000078" asserts="3" />
              <test-case id="1293" name="NamedFormatter_should_be_null_when_has_nesting(&quot;{0:{0:nested():}}&quot;,&quot;&quot;)" fullname="SmartFormat.Tests.Core.ParserTests.NamedFormatter_should_be_null_when_has_nesting(&quot;{0:{0:nested():}}&quot;,&quot;&quot;)" methodname="NamedFormatter_should_be_null_when_has_nesting" classname="SmartFormat.Tests.Core.ParserTests" runstate="Runnable" seed="1295310451" result="Passed" start-time="2016-09-13 08:02:53Z" end-time="2016-09-13 08:02:53Z" duration="0.000055" asserts="3" />
              <test-case id="1294" name="NamedFormatter_should_be_null_when_has_nesting(&quot;{0:for{}mat}&quot;,&quot;format&quot;)" fullname="SmartFormat.Tests.Core.ParserTests.NamedFormatter_should_be_null_when_has_nesting(&quot;{0:for{}mat}&quot;,&quot;format&quot;)" methodname="NamedFormatter_should_be_null_when_has_nesting" classname="SmartFormat.Tests.Core.ParserTests" runstate="Runnable" seed="537969365" result="Passed" start-time="2016-09-13 08:02:53Z" end-time="2016-09-13 08:02:53Z" duration="0.000058" asserts="3" />
              <test-case id="1295" name="NamedFormatter_should_be_null_when_has_nesting(&quot;{0:for{}mat()}&quot;,&quot;format()&quot;)" fullname="SmartFormat.Tests.Core.ParserTests.NamedFormatter_should_be_null_when_has_nesting(&quot;{0:for{}mat()}&quot;,&quot;format()&quot;)" methodname="NamedFormatter_should_be_null_when_has_nesting" classname="SmartFormat.Tests.Core.ParserTests" runstate="Runnable" seed="1030374822" result="Passed" start-time="2016-09-13 08:02:53Z" end-time="2016-09-13 08:02:53Z" duration="0.000055" asserts="3" />
              <test-case id="1296" name="NamedFormatter_should_be_null_when_has_nesting(&quot;{0:for(){}mat}&quot;,&quot;for()mat&quot;)" fullname="SmartFormat.Tests.Core.ParserTests.NamedFormatter_should_be_null_when_has_nesting(&quot;{0:for(){}mat}&quot;,&quot;for()mat&quot;)" methodname="NamedFormatter_should_be_null_when_has_nesting" classname="SmartFormat.Tests.Core.ParserTests" runstate="Runnable" seed="1089482546" result="Passed" start-time="2016-09-13 08:02:53Z" end-time="2016-09-13 08:02:53Z" duration="0.000055" asserts="3" />
            </test-suite>
            <test-suite type="ParameterizedMethod" id="1269" name="NamedFormatter_should_be_parsed_correctly" fullname="SmartFormat.Tests.Core.ParserTests.NamedFormatter_should_be_parsed_correctly" classname="SmartFormat.Tests.Core.ParserTests" runstate="Runnable" testcasecount="8" result="Passed" start-time="2016-09-13 08:02:53Z" end-time="2016-09-13 08:02:54Z" duration="0.011132" total="8" passed="8" failed="0" inconclusive="0" skipped="0" asserts="24">
              <test-case id="1261" name="NamedFormatter_should_be_parsed_correctly(&quot;{0:name:}&quot;,&quot;name&quot;,&quot;&quot;,&quot;&quot;)" fullname="SmartFormat.Tests.Core.ParserTests.NamedFormatter_should_be_parsed_correctly(&quot;{0:name:}&quot;,&quot;name&quot;,&quot;&quot;,&quot;&quot;)" methodname="NamedFormatter_should_be_parsed_correctly" classname="SmartFormat.Tests.Core.ParserTests" runstate="Runnable" seed="206975473" result="Passed" start-time="2016-09-13 08:02:53Z" end-time="2016-09-13 08:02:53Z" duration="0.000754" asserts="3" />
              <test-case id="1262" name="NamedFormatter_should_be_parsed_correctly(&quot;{0:name()}&quot;,&quot;name&quot;,&quot;&quot;,&quot;&quot;)" fullname="SmartFormat.Tests.Core.ParserTests.NamedFormatter_should_be_parsed_correctly(&quot;{0:name()}&quot;,&quot;name&quot;,&quot;&quot;,&quot;&quot;)" methodname="NamedFormatter_should_be_parsed_correctly" classname="SmartFormat.Tests.Core.ParserTests" runstate="Runnable" seed="1112383536" result="Passed" start-time="2016-09-13 08:02:53Z" end-time="2016-09-13 08:02:53Z" duration="0.000081" asserts="3" />
              <test-case id="1263" name="NamedFormatter_should_be_parsed_correctly(&quot;{0:name(1|2|3)}&quot;,&quot;name&quot;,&quot;1|2|3&quot;,&quot;&quot;)" fullname="SmartFormat.Tests.Core.ParserTests.NamedFormatter_should_be_parsed_correctly(&quot;{0:name(1|2|3)}&quot;,&quot;name&quot;,&quot;1|2|3&quot;,&quot;&quot;)" methodname="NamedFormatter_should_be_parsed_correctly" classname="SmartFormat.Tests.Core.ParserTests" runstate="Runnable" seed="1735219668" result="Passed" start-time="2016-09-13 08:02:53Z" end-time="2016-09-13 08:02:53Z" duration="0.000102" asserts="3" />
              <test-case id="1264" name="NamedFormatter_should_be_parsed_correctly(&quot;{0:name:format}&quot;,&quot;name&quot;,&quot;&quot;,&quot;format&quot;)" fullname="SmartFormat.Tests.Core.ParserTests.NamedFormatter_should_be_parsed_correctly(&quot;{0:name:format}&quot;,&quot;name&quot;,&quot;&quot;,&quot;format&quot;)" methodname="NamedFormatter_should_be_parsed_correctly" classname="SmartFormat.Tests.Core.ParserTests" runstate="Runnable" seed="1403572036" result="Passed" start-time="2016-09-13 08:02:53Z" end-time="2016-09-13 08:02:53Z" duration="0.000069" asserts="3" />
              <test-case id="1265" name="NamedFormatter_should_be_parsed_correctly(&quot;{0:name():format}&quot;,&quot;name&quot;,&quot;&quot;,&quot;format&quot;)" fullname="SmartFormat.Tests.Core.ParserTests.NamedFormatter_should_be_parsed_correctly(&quot;{0:name():format}&quot;,&quot;name&quot;,&quot;&quot;,&quot;format&quot;)" methodname="NamedFormatter_should_be_parsed_correctly" classname="SmartFormat.Tests.Core.ParserTests" runstate="Runnable" seed="1809741581" result="Passed" start-time="2016-09-13 08:02:53Z" end-time="2016-09-13 08:02:53Z" duration="0.000067" asserts="3" />
              <test-case id="1266" name="NamedFormatter_should_be_parsed_correctly(&quot;{0:name():}&quot;,&quot;name&quot;,&quot;&quot;,&quot;&quot;)" fullname="SmartFormat.Tests.Core.ParserTests.NamedFormatter_should_be_parsed_correctly(&quot;{0:name():}&quot;,&quot;name&quot;,&quot;&quot;,&quot;&quot;)" methodname="NamedFormatter_should_be_parsed_correctly" classname="SmartFormat.Tests.Core.ParserTests" runstate="Runnable" seed="1159895323" result="Passed" start-time="2016-09-13 08:02:53Z" end-time="2016-09-13 08:02:53Z" duration="0.000125" asserts="3" />
              <test-case id="1267" name="NamedFormatter_should_be_parsed_correctly(&quot;{0:name(1|2|3):format}&quot;,&quot;name&quot;,&quot;1|2|3&quot;,&quot;format&quot;)" fullname="SmartFormat.Tests.Core.ParserTests.NamedFormatter_should_be_parsed_correctly(&quot;{0:name(1|2|3):format}&quot;,&quot;name&quot;,&quot;1|2|3&quot;,&quot;format&quot;)" methodname="NamedFormatter_should_be_parsed_correctly" classname="SmartFormat.Tests.Core.ParserTests" runstate="Runnable" seed="522567859" result="Passed" start-time="2016-09-13 08:02:53Z" end-time="2016-09-13 08:02:53Z" duration="0.000125" asserts="3" />
              <test-case id="1268" name="NamedFormatter_should_be_parsed_correctly(&quot;{0:name(1|2|3):}&quot;,&quot;name&quot;,&quot;1|2|3&quot;,&quot;&quot;)" fullname="SmartFormat.Tests.Core.ParserTests.NamedFormatter_should_be_parsed_correctly(&quot;{0:name(1|2|3):}&quot;,&quot;name&quot;,&quot;1|2|3&quot;,&quot;&quot;)" methodname="NamedFormatter_should_be_parsed_correctly" classname="SmartFormat.Tests.Core.ParserTests" runstate="Runnable" seed="685768049" result="Passed" start-time="2016-09-13 08:02:54Z" end-time="2016-09-13 08:02:54Z" duration="0.000122" asserts="3" />
            </test-suite>
            <test-case id="1256" name="Parser_Ignores_Exceptions" fullname="SmartFormat.Tests.Core.ParserTests.Parser_Ignores_Exceptions" methodname="Parser_Ignores_Exceptions" classname="SmartFormat.Tests.Core.ParserTests" runstate="Runnable" seed="487260849" result="Passed" start-time="2016-09-13 08:02:54Z" end-time="2016-09-13 08:02:54Z" duration="0.001129" asserts="0" />
            <test-case id="1255" name="Parser_Throws_Exceptions" fullname="SmartFormat.Tests.Core.ParserTests.Parser_Throws_Exceptions" methodname="Parser_Throws_Exceptions" classname="SmartFormat.Tests.Core.ParserTests" runstate="Runnable" seed="2138585822" result="Passed" start-time="2016-09-13 08:02:54Z" end-time="2016-09-13 08:02:54Z" duration="0.011299" asserts="0" />
            <test-case id="1257" name="Parser_UseAlternativeBraces" fullname="SmartFormat.Tests.Core.ParserTests.Parser_UseAlternativeBraces" methodname="Parser_UseAlternativeBraces" classname="SmartFormat.Tests.Core.ParserTests" runstate="Runnable" seed="1926038839" result="Passed" start-time="2016-09-13 08:02:54Z" end-time="2016-09-13 08:02:54Z" duration="0.004131" asserts="7" />
            <test-case id="1259" name="Test_Format_IndexOf" fullname="SmartFormat.Tests.Core.ParserTests.Test_Format_IndexOf" methodname="Test_Format_IndexOf" classname="SmartFormat.Tests.Core.ParserTests" runstate="Runnable" seed="63091155" result="Passed" start-time="2016-09-13 08:02:54Z" end-time="2016-09-13 08:02:54Z" duration="0.006397" asserts="9" />
            <test-case id="1260" name="Test_Format_Split" fullname="SmartFormat.Tests.Core.ParserTests.Test_Format_Split" methodname="Test_Format_Split" classname="SmartFormat.Tests.Core.ParserTests" runstate="Runnable" seed="582100712" result="Passed" start-time="2016-09-13 08:02:54Z" end-time="2016-09-13 08:02:54Z" duration="0.001163" asserts="9" />
            <test-case id="1258" name="Test_Format_Substring" fullname="SmartFormat.Tests.Core.ParserTests.Test_Format_Substring" methodname="Test_Format_Substring" classname="SmartFormat.Tests.Core.ParserTests" runstate="Runnable" seed="839229134" result="Passed" start-time="2016-09-13 08:02:54Z" end-time="2016-09-13 08:02:54Z" duration="0.015881" asserts="15" />
            <test-case id="1254" name="TestParser" fullname="SmartFormat.Tests.Core.ParserTests.TestParser" methodname="TestParser" classname="SmartFormat.Tests.Core.ParserTests" runstate="Runnable" seed="1456795618" result="Passed" start-time="2016-09-13 08:02:54Z" end-time="2016-09-13 08:02:54Z" duration="0.002844" asserts="6" />
          </test-suite>
        </test-suite>
        <test-suite type="TestSuite" id="1303" name="Extensions" fullname="SmartFormat.Tests.Extensions" runstate="Runnable" testcasecount="125" result="Passed" start-time="2016-09-13 08:02:54Z" end-time="2016-09-13 08:02:54Z" duration="0.687768" total="125" passed="125" failed="0" inconclusive="0" skipped="0" asserts="266">
          <test-suite type="TestFixture" id="1038" name="ChooseFormatterTests" fullname="SmartFormat.Tests.Extensions.ChooseFormatterTests" classname="SmartFormat.Tests.Extensions.ChooseFormatterTests" runstate="Runnable" testcasecount="43" result="Passed" start-time="2016-09-13 08:02:54Z" end-time="2016-09-13 08:02:54Z" duration="0.076009" total="43" passed="43" failed="0" inconclusive="0" skipped="0" asserts="43">
            <test-suite type="ParameterizedMethod" id="1080" name="Choose_has_a_special_case_for_null" fullname="SmartFormat.Tests.Extensions.ChooseFormatterTests.Choose_has_a_special_case_for_null" classname="SmartFormat.Tests.Extensions.ChooseFormatterTests" runstate="Runnable" testcasecount="5" result="Passed" start-time="2016-09-13 08:02:54Z" end-time="2016-09-13 08:02:54Z" duration="0.008459" total="5" passed="5" failed="0" inconclusive="0" skipped="0" asserts="5">
              <test-case id="1075" name="Choose_has_a_special_case_for_null(&quot;{0:choose(null):nothing|{} }&quot;,null,&quot;nothing&quot;)" fullname="SmartFormat.Tests.Extensions.ChooseFormatterTests.Choose_has_a_special_case_for_null(&quot;{0:choose(null):nothing|{} }&quot;,null,&quot;nothing&quot;)" methodname="Choose_has_a_special_case_for_null" classname="SmartFormat.Tests.Extensions.ChooseFormatterTests" runstate="Runnable" seed="1954235732" result="Passed" start-time="2016-09-13 08:02:54Z" end-time="2016-09-13 08:02:54Z" duration="0.001399" asserts="1" />
              <test-case id="1076" name="Choose_has_a_special_case_for_null(&quot;{0:choose(null):nothing|{} }&quot;,5,&quot;5 &quot;)" fullname="SmartFormat.Tests.Extensions.ChooseFormatterTests.Choose_has_a_special_case_for_null(&quot;{0:choose(null):nothing|{} }&quot;,5,&quot;5 &quot;)" methodname="Choose_has_a_special_case_for_null" classname="SmartFormat.Tests.Extensions.ChooseFormatterTests" runstate="Runnable" seed="1839005708" result="Passed" start-time="2016-09-13 08:02:54Z" end-time="2016-09-13 08:02:54Z" duration="0.000350" asserts="1" />
              <test-case id="1077" name="Choose_has_a_special_case_for_null(&quot;{0:choose(null|5):nothing|five|{} }&quot;,null,&quot;nothing&quot;)" fullname="SmartFormat.Tests.Extensions.ChooseFormatterTests.Choose_has_a_special_case_for_null(&quot;{0:choose(null|5):nothing|five|{} }&quot;,null,&quot;nothing&quot;)" methodname="Choose_has_a_special_case_for_null" classname="SmartFormat.Tests.Extensions.ChooseFormatterTests" runstate="Runnable" seed="115602603" result="Passed" start-time="2016-09-13 08:02:54Z" end-time="2016-09-13 08:02:54Z" duration="0.000138" asserts="1" />
              <test-case id="1078" name="Choose_has_a_special_case_for_null(&quot;{0:choose(null|5):nothing|five|{} }&quot;,5,&quot;five&quot;)" fullname="SmartFormat.Tests.Extensions.ChooseFormatterTests.Choose_has_a_special_case_for_null(&quot;{0:choose(null|5):nothing|five|{} }&quot;,5,&quot;five&quot;)" methodname="Choose_has_a_special_case_for_null" classname="SmartFormat.Tests.Extensions.ChooseFormatterTests" runstate="Runnable" seed="848632405" result="Passed" start-time="2016-09-13 08:02:54Z" end-time="2016-09-13 08:02:54Z" duration="0.000171" asserts="1" />
              <test-case id="1079" name="Choose_has_a_special_case_for_null(&quot;{0:choose(null|5):nothing|five|{} }&quot;,6,&quot;6 &quot;)" fullname="SmartFormat.Tests.Extensions.ChooseFormatterTests.Choose_has_a_special_case_for_null(&quot;{0:choose(null|5):nothing|five|{} }&quot;,6,&quot;6 &quot;)" methodname="Choose_has_a_special_case_for_null" classname="SmartFormat.Tests.Extensions.ChooseFormatterTests" runstate="Runnable" seed="1317412541" result="Passed" start-time="2016-09-13 08:02:54Z" end-time="2016-09-13 08:02:54Z" duration="0.000140" asserts="1" />
            </test-suite>
            <test-suite type="ParameterizedMethod" id="1060" name="Choose_should_be_case_sensitive" fullname="SmartFormat.Tests.Extensions.ChooseFormatterTests.Choose_should_be_case_sensitive" classname="SmartFormat.Tests.Extensions.ChooseFormatterTests" runstate="Runnable" testcasecount="6" result="Passed" start-time="2016-09-13 08:02:54Z" end-time="2016-09-13 08:02:54Z" duration="0.008907" total="6" passed="6" failed="0" inconclusive="0" skipped="0" asserts="6">
              <test-case id="1054" name="Choose_should_be_case_sensitive(&quot;{0:choose(true|True):one|two|default}&quot;,True,&quot;two&quot;)" fullname="SmartFormat.Tests.Extensions.ChooseFormatterTests.Choose_should_be_case_sensitive(&quot;{0:choose(true|True):one|two|default}&quot;,True,&quot;two&quot;)" methodname="Choose_should_be_case_sensitive" classname="SmartFormat.Tests.Extensions.ChooseFormatterTests" runstate="Runnable" seed="141901299" result="Passed" start-time="2016-09-13 08:02:54Z" end-time="2016-09-13 08:02:54Z" duration="0.000457" asserts="1" />
              <test-case id="1055" name="Choose_should_be_case_sensitive(&quot;{0:choose(true|TRUE):one|two|default}&quot;,True,&quot;default&quot;)" fullname="SmartFormat.Tests.Extensions.ChooseFormatterTests.Choose_should_be_case_sensitive(&quot;{0:choose(true|TRUE):one|two|default}&quot;,True,&quot;default&quot;)" methodname="Choose_should_be_case_sensitive" classname="SmartFormat.Tests.Extensions.ChooseFormatterTests" runstate="Runnable" seed="1340052409" result="Passed" start-time="2016-09-13 08:02:54Z" end-time="2016-09-13 08:02:54Z" duration="0.000227" asserts="1" />
              <test-case id="1056" name="Choose_should_be_case_sensitive(&quot;{0:choose(string|String):one|two|default}&quot;,&quot;String&quot;,&quot;two&quot;)" fullname="SmartFormat.Tests.Extensions.ChooseFormatterTests.Choose_should_be_case_sensitive(&quot;{0:choose(string|String):one|two|default}&quot;,&quot;String&quot;,&quot;two&quot;)" methodname="Choose_should_be_case_sensitive" classname="SmartFormat.Tests.Extensions.ChooseFormatterTests" runstate="Runnable" seed="1712524625" result="Passed" start-time="2016-09-13 08:02:54Z" end-time="2016-09-13 08:02:54Z" duration="0.000410" asserts="1" />
              <test-case id="1057" name="Choose_should_be_case_sensitive(&quot;{0:choose(string|STRING):one|two|default}&quot;,&quot;String&quot;,&quot;default&quot;)" fullname="SmartFormat.Tests.Extensions.ChooseFormatterTests.Choose_should_be_case_sensitive(&quot;{0:choose(string|STRING):one|two|default}&quot;,&quot;String&quot;,&quot;default&quot;)" methodname="Choose_should_be_case_sensitive" classname="SmartFormat.Tests.Extensions.ChooseFormatterTests" runstate="Runnable" seed="1446407670" result="Passed" start-time="2016-09-13 08:02:54Z" end-time="2016-09-13 08:02:54Z" duration="0.000275" asserts="1" />
              <test-case id="1058" name="Choose_should_be_case_sensitive(&quot;{0:choose(ignore|Ignore):one|two|default}&quot;,Ignore,&quot;two&quot;)" fullname="SmartFormat.Tests.Extensions.ChooseFormatterTests.Choose_should_be_case_sensitive(&quot;{0:choose(ignore|Ignore):one|two|default}&quot;,Ignore,&quot;two&quot;)" methodname="Choose_should_be_case_sensitive" classname="SmartFormat.Tests.Extensions.ChooseFormatterTests" runstate="Runnable" seed="1275027246" result="Passed" start-time="2016-09-13 08:02:54Z" end-time="2016-09-13 08:02:54Z" duration="0.000253" asserts="1" />
              <test-case id="1059" name="Choose_should_be_case_sensitive(&quot;{0:choose(ignore|IGNORE):one|two|default}&quot;,Ignore,&quot;default&quot;)" fullname="SmartFormat.Tests.Extensions.ChooseFormatterTests.Choose_should_be_case_sensitive(&quot;{0:choose(ignore|IGNORE):one|two|default}&quot;,Ignore,&quot;default&quot;)" methodname="Choose_should_be_case_sensitive" classname="SmartFormat.Tests.Extensions.ChooseFormatterTests" runstate="Runnable" seed="1529452294" result="Passed" start-time="2016-09-13 08:02:54Z" end-time="2016-09-13 08:02:54Z" duration="0.000192" asserts="1" />
            </test-suite>
            <test-suite type="ParameterizedMethod" id="1069" name="Choose_should_default_to_the_last_item" fullname="SmartFormat.Tests.Extensions.ChooseFormatterTests.Choose_should_default_to_the_last_item" classname="SmartFormat.Tests.Extensions.ChooseFormatterTests" runstate="Runnable" testcasecount="8" result="Passed" start-time="2016-09-13 08:02:54Z" end-time="2016-09-13 08:02:54Z" duration="0.012343" total="8" passed="8" failed="0" inconclusive="0" skipped="0" asserts="8">
              <test-case id="1061" name="Choose_should_default_to_the_last_item(&quot;{0:choose(1|2|3):one|two|three|default}&quot;,1,&quot;one&quot;)" fullname="SmartFormat.Tests.Extensions.ChooseFormatterTests.Choose_should_default_to_the_last_item(&quot;{0:choose(1|2|3):one|two|three|default}&quot;,1,&quot;one&quot;)" methodname="Choose_should_default_to_the_last_item" classname="SmartFormat.Tests.Extensions.ChooseFormatterTests" runstate="Runnable" seed="1411309975" result="Passed" start-time="2016-09-13 08:02:54Z" end-time="2016-09-13 08:02:54Z" duration="0.000318" asserts="1" />
              <test-case id="1062" name="Choose_should_default_to_the_last_item(&quot;{0:choose(1|2|3):one|two|three|default}&quot;,2,&quot;two&quot;)" fullname="SmartFormat.Tests.Extensions.ChooseFormatterTests.Choose_should_default_to_the_last_item(&quot;{0:choose(1|2|3):one|two|three|default}&quot;,2,&quot;two&quot;)" methodname="Choose_should_default_to_the_last_item" classname="SmartFormat.Tests.Extensions.ChooseFormatterTests" runstate="Runnable" seed="1522129528" result="Passed" start-time="2016-09-13 08:02:54Z" end-time="2016-09-13 08:02:54Z" duration="0.000108" asserts="1" />
              <test-case id="1063" name="Choose_should_default_to_the_last_item(&quot;{0:choose(1|2|3):one|two|three|default}&quot;,3,&quot;three&quot;)" fullname="SmartFormat.Tests.Extensions.ChooseFormatterTests.Choose_should_default_to_the_last_item(&quot;{0:choose(1|2|3):one|two|three|default}&quot;,3,&quot;three&quot;)" methodname="Choose_should_default_to_the_last_item" classname="SmartFormat.Tests.Extensions.ChooseFormatterTests" runstate="Runnable" seed="1156205841" result="Passed" start-time="2016-09-13 08:02:54Z" end-time="2016-09-13 08:02:54Z" duration="0.000165" asserts="1" />
              <test-case id="1064" name="Choose_should_default_to_the_last_item(&quot;{0:choose(1|2|3):one|two|three|default}&quot;,4,&quot;default&quot;)" fullname="SmartFormat.Tests.Extensions.ChooseFormatterTests.Choose_should_default_to_the_last_item(&quot;{0:choose(1|2|3):one|two|three|default}&quot;,4,&quot;default&quot;)" methodname="Choose_should_default_to_the_last_item" classname="SmartFormat.Tests.Extensions.ChooseFormatterTests" runstate="Runnable" seed="1983076460" result="Passed" start-time="2016-09-13 08:02:54Z" end-time="2016-09-13 08:02:54Z" duration="0.000204" asserts="1" />
              <test-case id="1065" name="Choose_should_default_to_the_last_item(&quot;{0:choose(1|2|3):one|two|three|default}&quot;,99,&quot;default&quot;)" fullname="SmartFormat.Tests.Extensions.ChooseFormatterTests.Choose_should_default_to_the_last_item(&quot;{0:choose(1|2|3):one|two|three|default}&quot;,99,&quot;default&quot;)" methodname="Choose_should_default_to_the_last_item" classname="SmartFormat.Tests.Extensions.ChooseFormatterTests" runstate="Runnable" seed="1983965057" result="Passed" start-time="2016-09-13 08:02:54Z" end-time="2016-09-13 08:02:54Z" duration="0.000198" asserts="1" />
              <test-case id="1066" name="Choose_should_default_to_the_last_item(&quot;{0:choose(1|2|3):one|two|three|default}&quot;,null,&quot;default&quot;)" fullname="SmartFormat.Tests.Extensions.ChooseFormatterTests.Choose_should_default_to_the_last_item(&quot;{0:choose(1|2|3):one|two|three|default}&quot;,null,&quot;default&quot;)" methodname="Choose_should_default_to_the_last_item" classname="SmartFormat.Tests.Extensions.ChooseFormatterTests" runstate="Runnable" seed="1584820554" result="Passed" start-time="2016-09-13 08:02:54Z" end-time="2016-09-13 08:02:54Z" duration="0.000158" asserts="1" />
              <test-case id="1067" name="Choose_should_default_to_the_last_item(&quot;{0:choose(1|2|3):one|two|three|default}&quot;,True,&quot;default&quot;)" fullname="SmartFormat.Tests.Extensions.ChooseFormatterTests.Choose_should_default_to_the_last_item(&quot;{0:choose(1|2|3):one|two|three|default}&quot;,True,&quot;default&quot;)" methodname="Choose_should_default_to_the_last_item" classname="SmartFormat.Tests.Extensions.ChooseFormatterTests" runstate="Runnable" seed="2080147324" result="Passed" start-time="2016-09-13 08:02:54Z" end-time="2016-09-13 08:02:54Z" duration="0.000146" asserts="1" />
              <test-case id="1068" name="Choose_should_default_to_the_last_item(&quot;{0:choose(1|2|3):one|two|three|default}&quot;,&quot;whatever&quot;,&quot;default&quot;)" fullname="SmartFormat.Tests.Extensions.ChooseFormatterTests.Choose_should_default_to_the_last_item(&quot;{0:choose(1|2|3):one|two|three|default}&quot;,&quot;whatever&quot;,&quot;default&quot;)" methodname="Choose_should_default_to_the_last_item" classname="SmartFormat.Tests.Extensions.ChooseFormatterTests" runstate="Runnable" seed="1805272539" result="Passed" start-time="2016-09-13 08:02:54Z" end-time="2016-09-13 08:02:54Z" duration="0.000147" asserts="1" />
            </test-suite>
            <test-suite type="ParameterizedMethod" id="1074" name="Choose_should_work_with_enums" fullname="SmartFormat.Tests.Extensions.ChooseFormatterTests.Choose_should_work_with_enums" classname="SmartFormat.Tests.Extensions.ChooseFormatterTests" runstate="Runnable" testcasecount="4" result="Passed" start-time="2016-09-13 08:02:54Z" end-time="2016-09-13 08:02:54Z" duration="0.006723" total="4" passed="4" failed="0" inconclusive="0" skipped="0" asserts="4">
              <test-case id="1070" name="Choose_should_work_with_enums(&quot;{0:choose(Male|Female):man|woman}&quot;,Male,&quot;man&quot;)" fullname="SmartFormat.Tests.Extensions.ChooseFormatterTests.Choose_should_work_with_enums(&quot;{0:choose(Male|Female):man|woman}&quot;,Male,&quot;man&quot;)" methodname="Choose_should_work_with_enums" classname="SmartFormat.Tests.Extensions.ChooseFormatterTests" runstate="Runnable" seed="1515152576" result="Passed" start-time="2016-09-13 08:02:54Z" end-time="2016-09-13 08:02:54Z" duration="0.000471" asserts="1" />
              <test-case id="1071" name="Choose_should_work_with_enums(&quot;{0:choose(Male|Female):man|woman}&quot;,Female,&quot;woman&quot;)" fullname="SmartFormat.Tests.Extensions.ChooseFormatterTests.Choose_should_work_with_enums(&quot;{0:choose(Male|Female):man|woman}&quot;,Female,&quot;woman&quot;)" methodname="Choose_should_work_with_enums" classname="SmartFormat.Tests.Extensions.ChooseFormatterTests" runstate="Runnable" seed="1261624295" result="Passed" start-time="2016-09-13 08:02:54Z" end-time="2016-09-13 08:02:54Z" duration="0.000197" asserts="1" />
              <test-case id="1072" name="Choose_should_work_with_enums(&quot;{0:choose(Male):man|woman}&quot;,Male,&quot;man&quot;)" fullname="SmartFormat.Tests.Extensions.ChooseFormatterTests.Choose_should_work_with_enums(&quot;{0:choose(Male):man|woman}&quot;,Male,&quot;man&quot;)" methodname="Choose_should_work_with_enums" classname="SmartFormat.Tests.Extensions.ChooseFormatterTests" runstate="Runnable" seed="601279236" result="Passed" start-time="2016-09-13 08:02:54Z" end-time="2016-09-13 08:02:54Z" duration="0.000193" asserts="1" />
              <test-case id="1073" name="Choose_should_work_with_enums(&quot;{0:choose(Male):man|woman}&quot;,Female,&quot;woman&quot;)" fullname="SmartFormat.Tests.Extensions.ChooseFormatterTests.Choose_should_work_with_enums(&quot;{0:choose(Male):man|woman}&quot;,Female,&quot;woman&quot;)" methodname="Choose_should_work_with_enums" classname="SmartFormat.Tests.Extensions.ChooseFormatterTests" runstate="Runnable" seed="1696621951" result="Passed" start-time="2016-09-13 08:02:54Z" end-time="2016-09-13 08:02:54Z" duration="0.000422" asserts="1" />
            </test-suite>
            <test-suite type="ParameterizedMethod" id="1053" name="Choose_should_work_with_numbers_strings_and_booleans" fullname="SmartFormat.Tests.Extensions.ChooseFormatterTests.Choose_should_work_with_numbers_strings_and_booleans" classname="SmartFormat.Tests.Extensions.ChooseFormatterTests" runstate="Runnable" testcasecount="14" result="Passed" start-time="2016-09-13 08:02:54Z" end-time="2016-09-13 08:02:54Z" duration="0.022879" total="14" passed="14" failed="0" inconclusive="0" skipped="0" asserts="14">
              <test-case id="1039" name="Choose_should_work_with_numbers_strings_and_booleans(&quot;{0:choose(1|2|3):one|two|three}&quot;,1,&quot;one&quot;)" fullname="SmartFormat.Tests.Extensions.ChooseFormatterTests.Choose_should_work_with_numbers_strings_and_booleans(&quot;{0:choose(1|2|3):one|two|three}&quot;,1,&quot;one&quot;)" methodname="Choose_should_work_with_numbers_strings_and_booleans" classname="SmartFormat.Tests.Extensions.ChooseFormatterTests" runstate="Runnable" seed="2078347644" result="Passed" start-time="2016-09-13 08:02:54Z" end-time="2016-09-13 08:02:54Z" duration="0.000394" asserts="1" />
              <test-case id="1040" name="Choose_should_work_with_numbers_strings_and_booleans(&quot;{0:choose(1|2|3):one|two|three}&quot;,2,&quot;two&quot;)" fullname="SmartFormat.Tests.Extensions.ChooseFormatterTests.Choose_should_work_with_numbers_strings_and_booleans(&quot;{0:choose(1|2|3):one|two|three}&quot;,2,&quot;two&quot;)" methodname="Choose_should_work_with_numbers_strings_and_booleans" classname="SmartFormat.Tests.Extensions.ChooseFormatterTests" runstate="Runnable" seed="1317942206" result="Passed" start-time="2016-09-13 08:02:54Z" end-time="2016-09-13 08:02:54Z" duration="0.000227" asserts="1" />
              <test-case id="1041" name="Choose_should_work_with_numbers_strings_and_booleans(&quot;{0:choose(1|2|3):one|two|three}&quot;,3,&quot;three&quot;)" fullname="SmartFormat.Tests.Extensions.ChooseFormatterTests.Choose_should_work_with_numbers_strings_and_booleans(&quot;{0:choose(1|2|3):one|two|three}&quot;,3,&quot;three&quot;)" methodname="Choose_should_work_with_numbers_strings_and_booleans" classname="SmartFormat.Tests.Extensions.ChooseFormatterTests" runstate="Runnable" seed="1414995570" result="Passed" start-time="2016-09-13 08:02:54Z" end-time="2016-09-13 08:02:54Z" duration="0.000296" asserts="1" />
              <test-case id="1042" name="Choose_should_work_with_numbers_strings_and_booleans(&quot;{0:choose(3|2|1):three|two|one}&quot;,1,&quot;one&quot;)" fullname="SmartFormat.Tests.Extensions.ChooseFormatterTests.Choose_should_work_with_numbers_strings_and_booleans(&quot;{0:choose(3|2|1):three|two|one}&quot;,1,&quot;one&quot;)" methodname="Choose_should_work_with_numbers_strings_and_booleans" classname="SmartFormat.Tests.Extensions.ChooseFormatterTests" runstate="Runnable" seed="191361858" result="Passed" start-time="2016-09-13 08:02:54Z" end-time="2016-09-13 08:02:54Z" duration="0.000198" asserts="1" />
              <test-case id="1043" name="Choose_should_work_with_numbers_strings_and_booleans(&quot;{0:choose(3|2|1):three|two|one}&quot;,2,&quot;two&quot;)" fullname="SmartFormat.Tests.Extensions.ChooseFormatterTests.Choose_should_work_with_numbers_strings_and_booleans(&quot;{0:choose(3|2|1):three|two|one}&quot;,2,&quot;two&quot;)" methodname="Choose_should_work_with_numbers_strings_and_booleans" classname="SmartFormat.Tests.Extensions.ChooseFormatterTests" runstate="Runnable" seed="997843202" result="Passed" start-time="2016-09-13 08:02:54Z" end-time="2016-09-13 08:02:54Z" duration="0.000145" asserts="1" />
              <test-case id="1044" name="Choose_should_work_with_numbers_strings_and_booleans(&quot;{0:choose(3|2|1):three|two|one}&quot;,3,&quot;three&quot;)" fullname="SmartFormat.Tests.Extensions.ChooseFormatterTests.Choose_should_work_with_numbers_strings_and_booleans(&quot;{0:choose(3|2|1):three|two|one}&quot;,3,&quot;three&quot;)" methodname="Choose_should_work_with_numbers_strings_and_booleans" classname="SmartFormat.Tests.Extensions.ChooseFormatterTests" runstate="Runnable" seed="1609658984" result="Passed" start-time="2016-09-13 08:02:54Z" end-time="2016-09-13 08:02:54Z" duration="0.000128" asserts="1" />
              <test-case id="1045" name="Choose_should_work_with_numbers_strings_and_booleans(&quot;{0:choose(1|2|3):one|two|three}&quot;,&quot;1&quot;,&quot;one&quot;)" fullname="SmartFormat.Tests.Extensions.ChooseFormatterTests.Choose_should_work_with_numbers_strings_and_booleans(&quot;{0:choose(1|2|3):one|two|three}&quot;,&quot;1&quot;,&quot;one&quot;)" methodname="Choose_should_work_with_numbers_strings_and_booleans" classname="SmartFormat.Tests.Extensions.ChooseFormatterTests" runstate="Runnable" seed="416759235" result="Passed" start-time="2016-09-13 08:02:54Z" end-time="2016-09-13 08:02:54Z" duration="0.001647" asserts="1" />
              <test-case id="1046" name="Choose_should_work_with_numbers_strings_and_booleans(&quot;{0:choose(1|2|3):one|two|three}&quot;,&quot;2&quot;,&quot;two&quot;)" fullname="SmartFormat.Tests.Extensions.ChooseFormatterTests.Choose_should_work_with_numbers_strings_and_booleans(&quot;{0:choose(1|2|3):one|two|three}&quot;,&quot;2&quot;,&quot;two&quot;)" methodname="Choose_should_work_with_numbers_strings_and_booleans" classname="SmartFormat.Tests.Extensions.ChooseFormatterTests" runstate="Runnable" seed="1734457274" result="Passed" start-time="2016-09-13 08:02:54Z" end-time="2016-09-13 08:02:54Z" duration="0.000235" asserts="1" />
              <test-case id="1047" name="Choose_should_work_with_numbers_strings_and_booleans(&quot;{0:choose(1|2|3):one|two|three}&quot;,&quot;3&quot;,&quot;three&quot;)" fullname="SmartFormat.Tests.Extensions.ChooseFormatterTests.Choose_should_work_with_numbers_strings_and_booleans(&quot;{0:choose(1|2|3):one|two|three}&quot;,&quot;3&quot;,&quot;three&quot;)" methodname="Choose_should_work_with_numbers_strings_and_booleans" classname="SmartFormat.Tests.Extensions.ChooseFormatterTests" runstate="Runnable" seed="442275622" result="Passed" start-time="2016-09-13 08:02:54Z" end-time="2016-09-13 08:02:54Z" duration="0.000157" asserts="1" />
              <test-case id="1048" name="Choose_should_work_with_numbers_strings_and_booleans(&quot;{0:choose(A|B|C):Alpha|Bravo|Charlie}&quot;,&quot;A&quot;,&quot;Alpha&quot;)" fullname="SmartFormat.Tests.Extensions.ChooseFormatterTests.Choose_should_work_with_numbers_strings_and_booleans(&quot;{0:choose(A|B|C):Alpha|Bravo|Charlie}&quot;,&quot;A&quot;,&quot;Alpha&quot;)" methodname="Choose_should_work_with_numbers_strings_and_booleans" classname="SmartFormat.Tests.Extensions.ChooseFormatterTests" runstate="Runnable" seed="1650587807" result="Passed" start-time="2016-09-13 08:02:54Z" end-time="2016-09-13 08:02:54Z" duration="0.000236" asserts="1" />
              <test-case id="1049" name="Choose_should_work_with_numbers_strings_and_booleans(&quot;{0:choose(A|B|C):Alpha|Bravo|Charlie}&quot;,&quot;B&quot;,&quot;Bravo&quot;)" fullname="SmartFormat.Tests.Extensions.ChooseFormatterTests.Choose_should_work_with_numbers_strings_and_booleans(&quot;{0:choose(A|B|C):Alpha|Bravo|Charlie}&quot;,&quot;B&quot;,&quot;Bravo&quot;)" methodname="Choose_should_work_with_numbers_strings_and_booleans" classname="SmartFormat.Tests.Extensions.ChooseFormatterTests" runstate="Runnable" seed="989129378" result="Passed" start-time="2016-09-13 08:02:54Z" end-time="2016-09-13 08:02:54Z" duration="0.000354" asserts="1" />
              <test-case id="1050" name="Choose_should_work_with_numbers_strings_and_booleans(&quot;{0:choose(A|B|C):Alpha|Bravo|Charlie}&quot;,&quot;C&quot;,&quot;Charlie&quot;)" fullname="SmartFormat.Tests.Extensions.ChooseFormatterTests.Choose_should_work_with_numbers_strings_and_booleans(&quot;{0:choose(A|B|C):Alpha|Bravo|Charlie}&quot;,&quot;C&quot;,&quot;Charlie&quot;)" methodname="Choose_should_work_with_numbers_strings_and_booleans" classname="SmartFormat.Tests.Extensions.ChooseFormatterTests" runstate="Runnable" seed="1727931296" result="Passed" start-time="2016-09-13 08:02:54Z" end-time="2016-09-13 08:02:54Z" duration="0.000263" asserts="1" />
              <test-case id="1051" name="Choose_should_work_with_numbers_strings_and_booleans(&quot;{0:choose(True|False):yep|nope}&quot;,True,&quot;yep&quot;)" fullname="SmartFormat.Tests.Extensions.ChooseFormatterTests.Choose_should_work_with_numbers_strings_and_booleans(&quot;{0:choose(True|False):yep|nope}&quot;,True,&quot;yep&quot;)" methodname="Choose_should_work_with_numbers_strings_and_booleans" classname="SmartFormat.Tests.Extensions.ChooseFormatterTests" runstate="Runnable" seed="1909842522" result="Passed" start-time="2016-09-13 08:02:54Z" end-time="2016-09-13 08:02:54Z" duration="0.000284" asserts="1" />
              <test-case id="1052" name="Choose_should_work_with_numbers_strings_and_booleans(&quot;{0:choose(True|False):yep|nope}&quot;,False,&quot;nope&quot;)" fullname="SmartFormat.Tests.Extensions.ChooseFormatterTests.Choose_should_work_with_numbers_strings_and_booleans(&quot;{0:choose(True|False):yep|nope}&quot;,False,&quot;nope&quot;)" methodname="Choose_should_work_with_numbers_strings_and_booleans" classname="SmartFormat.Tests.Extensions.ChooseFormatterTests" runstate="Runnable" seed="1817906982" result="Passed" start-time="2016-09-13 08:02:54Z" end-time="2016-09-13 08:02:54Z" duration="0.000150" asserts="1" />
            </test-suite>
            <test-suite type="ParameterizedMethod" id="1083" name="Choose_throws_when_choice_is_invalid" fullname="SmartFormat.Tests.Extensions.ChooseFormatterTests.Choose_throws_when_choice_is_invalid" classname="SmartFormat.Tests.Extensions.ChooseFormatterTests" runstate="Runnable" testcasecount="2" result="Passed" start-time="2016-09-13 08:02:54Z" end-time="2016-09-13 08:02:54Z" duration="0.004009" total="2" passed="2" failed="0" inconclusive="0" skipped="0" asserts="2">
              <test-case id="1081" name="Choose_throws_when_choice_is_invalid(&quot;{0:choose(1|2):1|2}&quot;,99)" fullname="SmartFormat.Tests.Extensions.ChooseFormatterTests.Choose_throws_when_choice_is_invalid(&quot;{0:choose(1|2):1|2}&quot;,99)" methodname="Choose_throws_when_choice_is_invalid" classname="SmartFormat.Tests.Extensions.ChooseFormatterTests" runstate="Runnable" seed="29820488" result="Passed" start-time="2016-09-13 08:02:54Z" end-time="2016-09-13 08:02:54Z" duration="0.001059" asserts="1" />
              <test-case id="1082" name="Choose_throws_when_choice_is_invalid(&quot;{0:choose(1):1}&quot;,99)" fullname="SmartFormat.Tests.Extensions.ChooseFormatterTests.Choose_throws_when_choice_is_invalid(&quot;{0:choose(1):1}&quot;,99)" methodname="Choose_throws_when_choice_is_invalid" classname="SmartFormat.Tests.Extensions.ChooseFormatterTests" runstate="Runnable" seed="1682483318" result="Passed" start-time="2016-09-13 08:02:54Z" end-time="2016-09-13 08:02:54Z" duration="0.000312" asserts="1" />
            </test-suite>
            <test-suite type="ParameterizedMethod" id="1088" name="Choose_throws_when_choices_are_too_few_or_too_many" fullname="SmartFormat.Tests.Extensions.ChooseFormatterTests.Choose_throws_when_choices_are_too_few_or_too_many" classname="SmartFormat.Tests.Extensions.ChooseFormatterTests" runstate="Runnable" testcasecount="4" result="Passed" start-time="2016-09-13 08:02:54Z" end-time="2016-09-13 08:02:54Z" duration="0.009294" total="4" passed="4" failed="0" inconclusive="0" skipped="0" asserts="4">
              <test-case id="1084" name="Choose_throws_when_choices_are_too_few_or_too_many(&quot;{0:choose(1|2):1}&quot;,1)" fullname="SmartFormat.Tests.Extensions.ChooseFormatterTests.Choose_throws_when_choices_are_too_few_or_too_many(&quot;{0:choose(1|2):1}&quot;,1)" methodname="Choose_throws_when_choices_are_too_few_or_too_many" classname="SmartFormat.Tests.Extensions.ChooseFormatterTests" runstate="Runnable" seed="1174830244" result="Passed" start-time="2016-09-13 08:02:54Z" end-time="2016-09-13 08:02:54Z" duration="0.001207" asserts="1" />
              <test-case id="1085" name="Choose_throws_when_choices_are_too_few_or_too_many(&quot;{0:choose(1|2|3):1|2}&quot;,1)" fullname="SmartFormat.Tests.Extensions.ChooseFormatterTests.Choose_throws_when_choices_are_too_few_or_too_many(&quot;{0:choose(1|2|3):1|2}&quot;,1)" methodname="Choose_throws_when_choices_are_too_few_or_too_many" classname="SmartFormat.Tests.Extensions.ChooseFormatterTests" runstate="Runnable" seed="227647093" result="Passed" start-time="2016-09-13 08:02:54Z" end-time="2016-09-13 08:02:54Z" duration="0.000436" asserts="1" />
              <test-case id="1086" name="Choose_throws_when_choices_are_too_few_or_too_many(&quot;{0:choose(1):1|2|3}&quot;,1)" fullname="SmartFormat.Tests.Extensions.ChooseFormatterTests.Choose_throws_when_choices_are_too_few_or_too_many(&quot;{0:choose(1):1|2|3}&quot;,1)" methodname="Choose_throws_when_choices_are_too_few_or_too_many" classname="SmartFormat.Tests.Extensions.ChooseFormatterTests" runstate="Runnable" seed="1271499437" result="Passed" start-time="2016-09-13 08:02:54Z" end-time="2016-09-13 08:02:54Z" duration="0.000265" asserts="1" />
              <test-case id="1087" name="Choose_throws_when_choices_are_too_few_or_too_many(&quot;{0:choose(1|2):1|2|3|4}&quot;,1)" fullname="SmartFormat.Tests.Extensions.ChooseFormatterTests.Choose_throws_when_choices_are_too_few_or_too_many(&quot;{0:choose(1|2):1|2|3|4}&quot;,1)" methodname="Choose_throws_when_choices_are_too_few_or_too_many" classname="SmartFormat.Tests.Extensions.ChooseFormatterTests" runstate="Runnable" seed="1177880185" result="Passed" start-time="2016-09-13 08:02:54Z" end-time="2016-09-13 08:02:54Z" duration="0.000707" asserts="1" />
            </test-suite>
          </test-suite>
          <test-suite type="TestFixture" id="1089" name="ConditionalFormatterTests" fullname="SmartFormat.Tests.Extensions.ConditionalFormatterTests" classname="SmartFormat.Tests.Extensions.ConditionalFormatterTests" runstate="Runnable" testcasecount="10" result="Passed" start-time="2016-09-13 08:02:54Z" end-time="2016-09-13 08:02:54Z" duration="0.050390" total="10" passed="10" failed="0" inconclusive="0" skipped="0" asserts="29">
            <test-suite type="ParameterizedMethod" id="1100" name="Syntax_should_not_be_confused_with_named_formatters" fullname="SmartFormat.Tests.Extensions.ConditionalFormatterTests.Syntax_should_not_be_confused_with_named_formatters" classname="SmartFormat.Tests.Extensions.ConditionalFormatterTests" runstate="Runnable" testcasecount="2" result="Passed" start-time="2016-09-13 08:02:54Z" end-time="2016-09-13 08:02:54Z" duration="0.002793" total="2" passed="2" failed="0" inconclusive="0" skipped="0" asserts="2">
              <test-case id="1098" name="Syntax_should_not_be_confused_with_named_formatters(&quot;{0:part(s)|car}&quot;,True,&quot;part(s)&quot;)" fullname="SmartFormat.Tests.Extensions.ConditionalFormatterTests.Syntax_should_not_be_confused_with_named_formatters(&quot;{0:part(s)|car}&quot;,True,&quot;part(s)&quot;)" methodname="Syntax_should_not_be_confused_with_named_formatters" classname="SmartFormat.Tests.Extensions.ConditionalFormatterTests" runstate="Runnable" seed="1928059275" result="Passed" start-time="2016-09-13 08:02:54Z" end-time="2016-09-13 08:02:54Z" duration="0.000326" asserts="1" />
              <test-case id="1099" name="Syntax_should_not_be_confused_with_named_formatters(&quot;{0:part(s)|car}&quot;,False,&quot;car&quot;)" fullname="SmartFormat.Tests.Extensions.ConditionalFormatterTests.Syntax_should_not_be_confused_with_named_formatters(&quot;{0:part(s)|car}&quot;,False,&quot;car&quot;)" methodname="Syntax_should_not_be_confused_with_named_formatters" classname="SmartFormat.Tests.Extensions.ConditionalFormatterTests" runstate="Runnable" seed="2082446379" result="Passed" start-time="2016-09-13 08:02:54Z" end-time="2016-09-13 08:02:54Z" duration="0.000134" asserts="1" />
            </test-suite>
            <test-case id="1092" name="Test_Bool" fullname="SmartFormat.Tests.Extensions.ConditionalFormatterTests.Test_Bool" methodname="Test_Bool" classname="SmartFormat.Tests.Extensions.ConditionalFormatterTests" runstate="Runnable" seed="1894744760" result="Passed" start-time="2016-09-13 08:02:54Z" end-time="2016-09-13 08:02:54Z" duration="0.006101" asserts="2" />
            <test-case id="1097" name="Test_ComplexCondition" fullname="SmartFormat.Tests.Extensions.ConditionalFormatterTests.Test_ComplexCondition" methodname="Test_ComplexCondition" classname="SmartFormat.Tests.Extensions.ConditionalFormatterTests" runstate="Runnable" seed="946764470" result="Passed" start-time="2016-09-13 08:02:54Z" end-time="2016-09-13 08:02:54Z" duration="0.002403" asserts="13" />
            <test-case id="1093" name="Test_Dates" fullname="SmartFormat.Tests.Extensions.ConditionalFormatterTests.Test_Dates" methodname="Test_Dates" classname="SmartFormat.Tests.Extensions.ConditionalFormatterTests" runstate="Runnable" seed="1288422203" result="Passed" start-time="2016-09-13 08:02:54Z" end-time="2016-09-13 08:02:54Z" duration="0.002937" asserts="2" />
            <test-case id="1091" name="Test_Enum" fullname="SmartFormat.Tests.Extensions.ConditionalFormatterTests.Test_Enum" methodname="Test_Enum" classname="SmartFormat.Tests.Extensions.ConditionalFormatterTests" runstate="Runnable" seed="196598629" result="Passed" start-time="2016-09-13 08:02:54Z" end-time="2016-09-13 08:02:54Z" duration="0.003404" asserts="3" />
            <test-case id="1090" name="Test_Numbers" fullname="SmartFormat.Tests.Extensions.ConditionalFormatterTests.Test_Numbers" methodname="Test_Numbers" classname="SmartFormat.Tests.Extensions.ConditionalFormatterTests" runstate="Runnable" seed="1466227777" result="Passed" start-time="2016-09-13 08:02:54Z" end-time="2016-09-13 08:02:54Z" duration="0.002938" asserts="3" />
            <test-case id="1096" name="Test_Object" fullname="SmartFormat.Tests.Extensions.ConditionalFormatterTests.Test_Object" methodname="Test_Object" classname="SmartFormat.Tests.Extensions.ConditionalFormatterTests" runstate="Runnable" seed="905841780" result="Passed" start-time="2016-09-13 08:02:54Z" end-time="2016-09-13 08:02:54Z" duration="0.002653" asserts="1" />
            <test-case id="1095" name="Test_Strings" fullname="SmartFormat.Tests.Extensions.ConditionalFormatterTests.Test_Strings" methodname="Test_Strings" classname="SmartFormat.Tests.Extensions.ConditionalFormatterTests" runstate="Runnable" seed="2061369690" result="Passed" start-time="2016-09-13 08:02:54Z" end-time="2016-09-13 08:02:54Z" duration="0.001423" asserts="1" />
            <test-case id="1094" name="Test_TimeSpan" fullname="SmartFormat.Tests.Extensions.ConditionalFormatterTests.Test_TimeSpan" methodname="Test_TimeSpan" classname="SmartFormat.Tests.Extensions.ConditionalFormatterTests" runstate="Runnable" seed="769573267" result="Passed" start-time="2016-09-13 08:02:54Z" end-time="2016-09-13 08:02:54Z" duration="0.004370" asserts="2" />
          </test-suite>
          <test-suite type="TestFixture" id="1101" name="DictionaryFormatterTests" fullname="SmartFormat.Tests.Extensions.DictionaryFormatterTests" classname="SmartFormat.Tests.Extensions.DictionaryFormatterTests" runstate="Runnable" testcasecount="3" result="Passed" start-time="2016-09-13 08:02:54Z" end-time="2016-09-13 08:02:54Z" duration="0.168754" total="3" passed="3" failed="0" inconclusive="0" skipped="0" asserts="6">
            <test-case id="1102" name="Test_Dictionary" fullname="SmartFormat.Tests.Extensions.DictionaryFormatterTests.Test_Dictionary" methodname="Test_Dictionary" classname="SmartFormat.Tests.Extensions.DictionaryFormatterTests" runstate="Runnable" seed="986620908" result="Passed" start-time="2016-09-13 08:02:54Z" end-time="2016-09-13 08:02:54Z" duration="0.004721" asserts="2" />
            <test-case id="1103" name="Test_Dynamic" fullname="SmartFormat.Tests.Extensions.DictionaryFormatterTests.Test_Dynamic" methodname="Test_Dynamic" classname="SmartFormat.Tests.Extensions.DictionaryFormatterTests" runstate="Runnable" seed="1392970616" result="Passed" start-time="2016-09-13 08:02:54Z" end-time="2016-09-13 08:02:54Z" duration="0.158634" asserts="2" />
            <test-case id="1104" name="Test_Dynamic_CaseInsensitive" fullname="SmartFormat.Tests.Extensions.DictionaryFormatterTests.Test_Dynamic_CaseInsensitive" methodname="Test_Dynamic_CaseInsensitive" classname="SmartFormat.Tests.Extensions.DictionaryFormatterTests" runstate="Runnable" seed="1942175969" result="Passed" start-time="2016-09-13 08:02:54Z" end-time="2016-09-13 08:02:54Z" duration="0.001816" asserts="2" />
          </test-suite>
          <test-suite type="TestFixture" id="1105" name="ListFormatterTests" fullname="SmartFormat.Tests.Extensions.ListFormatterTests" classname="SmartFormat.Tests.Extensions.ListFormatterTests" runstate="Runnable" testcasecount="5" result="Passed" start-time="2016-09-13 08:02:54Z" end-time="2016-09-13 08:02:54Z" duration="0.187964" total="5" passed="5" failed="0" inconclusive="0" skipped="0" asserts="27">
            <test-case id="1106" name="FormatTest" fullname="SmartFormat.Tests.Extensions.ListFormatterTests.FormatTest" methodname="FormatTest" classname="SmartFormat.Tests.Extensions.ListFormatterTests" runstate="Runnable" seed="1856364105" result="Passed" start-time="2016-09-13 08:02:54Z" end-time="2016-09-13 08:02:54Z" duration="0.008162" asserts="6" />
            <test-case id="1108" name="NestedArraysTest" fullname="SmartFormat.Tests.Extensions.ListFormatterTests.NestedArraysTest" methodname="NestedArraysTest" classname="SmartFormat.Tests.Extensions.ListFormatterTests" runstate="Runnable" seed="1484738809" result="Passed" start-time="2016-09-13 08:02:54Z" end-time="2016-09-13 08:02:54Z" duration="0.003834" asserts="3" />
            <test-case id="1107" name="NestedFormatTest" fullname="SmartFormat.Tests.Extensions.ListFormatterTests.NestedFormatTest" methodname="NestedFormatTest" classname="SmartFormat.Tests.Extensions.ListFormatterTests" runstate="Runnable" seed="162226524" result="Passed" start-time="2016-09-13 08:02:54Z" end-time="2016-09-13 08:02:54Z" duration="0.001805" asserts="4" />
            <test-case id="1110" name="TestIndex" fullname="SmartFormat.Tests.Extensions.ListFormatterTests.TestIndex" methodname="TestIndex" classname="SmartFormat.Tests.Extensions.ListFormatterTests" runstate="Runnable" seed="1498460740" result="Passed" start-time="2016-09-13 08:02:54Z" end-time="2016-09-13 08:02:54Z" duration="0.002222" asserts="4" />
            <test-case id="1109" name="WithThreadPool_ShouldNotMixupCollectionIndex" fullname="SmartFormat.Tests.Extensions.ListFormatterTests.WithThreadPool_ShouldNotMixupCollectionIndex" methodname="WithThreadPool_ShouldNotMixupCollectionIndex" classname="SmartFormat.Tests.Extensions.ListFormatterTests" runstate="Runnable" seed="1177940074" result="Passed" start-time="2016-09-13 08:02:54Z" end-time="2016-09-13 08:02:54Z" duration="0.162245" asserts="10" />
          </test-suite>
          <test-suite type="TestFixture" id="1111" name="PluralLocalizationFormatterTests" fullname="SmartFormat.Tests.Extensions.PluralLocalizationFormatterTests" classname="SmartFormat.Tests.Extensions.PluralLocalizationFormatterTests" runstate="Runnable" testcasecount="9" result="Passed" start-time="2016-09-13 08:02:54Z" end-time="2016-09-13 08:02:54Z" duration="0.058272" total="9" passed="9" failed="0" inconclusive="0" skipped="0" asserts="72">
            <test-suite type="ParameterizedMethod" id="1121" name="NamedFormatter_should_use_specific_language" fullname="SmartFormat.Tests.Extensions.PluralLocalizationFormatterTests.NamedFormatter_should_use_specific_language" classname="SmartFormat.Tests.Extensions.PluralLocalizationFormatterTests" runstate="Runnable" testcasecount="4" result="Passed" start-time="2016-09-13 08:02:54Z" end-time="2016-09-13 08:02:54Z" duration="0.015024" total="4" passed="4" failed="0" inconclusive="0" skipped="0" asserts="4">
              <test-case id="1117" name="NamedFormatter_should_use_specific_language(&quot;{0} {0:plural(en):zero|one|many} {0:plural(pl):miesiąc|miesiące|miesięcy}&quot;,0,&quot;0 zero miesięcy&quot;)" fullname="SmartFormat.Tests.Extensions.PluralLocalizationFormatterTests.NamedFormatter_should_use_specific_language(&quot;{0} {0:plural(en):zero|one|many} {0:plural(pl):miesiąc|miesiące|miesięcy}&quot;,0,&quot;0 zero miesięcy&quot;)" methodname="NamedFormatter_should_use_specific_language" classname="SmartFormat.Tests.Extensions.PluralLocalizationFormatterTests" runstate="Runnable" seed="604510002" result="Passed" start-time="2016-09-13 08:02:54Z" end-time="2016-09-13 08:02:54Z" duration="0.003495" asserts="1" />
              <test-case id="1118" name="NamedFormatter_should_use_specific_language(&quot;{0} {0:plural(en):zero|one|many} {0:plural(pl):miesiąc|miesiące|miesięcy}&quot;,1,&quot;1 one miesiąc&quot;)" fullname="SmartFormat.Tests.Extensions.PluralLocalizationFormatterTests.NamedFormatter_should_use_specific_language(&quot;{0} {0:plural(en):zero|one|many} {0:plural(pl):miesiąc|miesiące|miesięcy}&quot;,1,&quot;1 one miesiąc&quot;)" methodname="NamedFormatter_should_use_specific_language" classname="SmartFormat.Tests.Extensions.PluralLocalizationFormatterTests" runstate="Runnable" seed="844646593" result="Passed" start-time="2016-09-13 08:02:54Z" end-time="2016-09-13 08:02:54Z" duration="0.000488" asserts="1" />
              <test-case id="1119" name="NamedFormatter_should_use_specific_language(&quot;{0} {0:plural(en):zero|one|many} {0:plural(pl):miesiąc|miesiące|miesięcy}&quot;,2,&quot;2 many miesiące&quot;)" fullname="SmartFormat.Tests.Extensions.PluralLocalizationFormatterTests.NamedFormatter_should_use_specific_language(&quot;{0} {0:plural(en):zero|one|many} {0:plural(pl):miesiąc|miesiące|miesięcy}&quot;,2,&quot;2 many miesiące&quot;)" methodname="NamedFormatter_should_use_specific_language" classname="SmartFormat.Tests.Extensions.PluralLocalizationFormatterTests" runstate="Runnable" seed="352116391" result="Passed" start-time="2016-09-13 08:02:54Z" end-time="2016-09-13 08:02:54Z" duration="0.000468" asserts="1" />
              <test-case id="1120" name="NamedFormatter_should_use_specific_language(&quot;{0} {0:plural(en):zero|one|many} {0:plural(pl):miesiąc|miesiące|miesięcy}&quot;,5,&quot;5 many miesięcy&quot;)" fullname="SmartFormat.Tests.Extensions.PluralLocalizationFormatterTests.NamedFormatter_should_use_specific_language(&quot;{0} {0:plural(en):zero|one|many} {0:plural(pl):miesiąc|miesiące|miesięcy}&quot;,5,&quot;5 many miesięcy&quot;)" methodname="NamedFormatter_should_use_specific_language" classname="SmartFormat.Tests.Extensions.PluralLocalizationFormatterTests" runstate="Runnable" seed="629410271" result="Passed" start-time="2016-09-13 08:02:54Z" end-time="2016-09-13 08:02:54Z" duration="0.000326" asserts="1" />
            </test-suite>
            <test-case id="1112" name="Test_Default" fullname="SmartFormat.Tests.Extensions.PluralLocalizationFormatterTests.Test_Default" methodname="Test_Default" classname="SmartFormat.Tests.Extensions.PluralLocalizationFormatterTests" runstate="Runnable" seed="187722289" result="Passed" start-time="2016-09-13 08:02:54Z" end-time="2016-09-13 08:02:54Z" duration="0.014282" asserts="7" />
            <test-case id="1113" name="Test_English" fullname="SmartFormat.Tests.Extensions.PluralLocalizationFormatterTests.Test_English" methodname="Test_English" classname="SmartFormat.Tests.Extensions.PluralLocalizationFormatterTests" runstate="Runnable" seed="327203152" result="Passed" start-time="2016-09-13 08:02:54Z" end-time="2016-09-13 08:02:54Z" duration="0.001764" asserts="7" />
            <test-case id="1116" name="Test_Polish" fullname="SmartFormat.Tests.Extensions.PluralLocalizationFormatterTests.Test_Polish" methodname="Test_Polish" classname="SmartFormat.Tests.Extensions.PluralLocalizationFormatterTests" runstate="Runnable" seed="931700605" result="Passed" start-time="2016-09-13 08:02:54Z" end-time="2016-09-13 08:02:54Z" duration="0.004555" asserts="32" />
            <test-case id="1115" name="Test_Russian" fullname="SmartFormat.Tests.Extensions.PluralLocalizationFormatterTests.Test_Russian" methodname="Test_Russian" classname="SmartFormat.Tests.Extensions.PluralLocalizationFormatterTests" runstate="Runnable" seed="2024957679" result="Passed" start-time="2016-09-13 08:02:54Z" end-time="2016-09-13 08:02:54Z" duration="0.002736" asserts="12" />
            <test-case id="1114" name="Test_Turkish" fullname="SmartFormat.Tests.Extensions.PluralLocalizationFormatterTests.Test_Turkish" methodname="Test_Turkish" classname="SmartFormat.Tests.Extensions.PluralLocalizationFormatterTests" runstate="Runnable" seed="252027975" result="Passed" start-time="2016-09-13 08:02:54Z" end-time="2016-09-13 08:02:54Z" duration="0.004736" asserts="10" />
          </test-suite>
          <test-suite type="TestFixture" id="1122" name="ReflectionFormatterTests" fullname="SmartFormat.Tests.Extensions.ReflectionFormatterTests" classname="SmartFormat.Tests.Extensions.ReflectionFormatterTests" runstate="Runnable" testcasecount="6" result="Passed" start-time="2016-09-13 08:02:54Z" end-time="2016-09-13 08:02:54Z" duration="0.024492" total="6" passed="6" failed="0" inconclusive="0" skipped="0" asserts="14">
            <test-case id="1127" name="Test_Fields" fullname="SmartFormat.Tests.Extensions.ReflectionFormatterTests.Test_Fields" methodname="Test_Fields" classname="SmartFormat.Tests.Extensions.ReflectionFormatterTests" runstate="Runnable" seed="1110667321" result="Passed" start-time="2016-09-13 08:02:54Z" end-time="2016-09-13 08:02:54Z" duration="0.000716" asserts="1" />
            <test-case id="1128" name="Test_Fields_CaseInsensitive" fullname="SmartFormat.Tests.Extensions.ReflectionFormatterTests.Test_Fields_CaseInsensitive" methodname="Test_Fields_CaseInsensitive" classname="SmartFormat.Tests.Extensions.ReflectionFormatterTests" runstate="Runnable" seed="1717079117" result="Passed" start-time="2016-09-13 08:02:54Z" end-time="2016-09-13 08:02:54Z" duration="0.000463" asserts="1" />
            <test-case id="1125" name="Test_Methods" fullname="SmartFormat.Tests.Extensions.ReflectionFormatterTests.Test_Methods" methodname="Test_Methods" classname="SmartFormat.Tests.Extensions.ReflectionFormatterTests" runstate="Runnable" seed="1913341121" result="Passed" start-time="2016-09-13 08:02:54Z" end-time="2016-09-13 08:02:54Z" duration="0.001879" asserts="1" />
            <test-case id="1126" name="Test_Methods_CaseInsensitive" fullname="SmartFormat.Tests.Extensions.ReflectionFormatterTests.Test_Methods_CaseInsensitive" methodname="Test_Methods_CaseInsensitive" classname="SmartFormat.Tests.Extensions.ReflectionFormatterTests" runstate="Runnable" seed="335301003" result="Passed" start-time="2016-09-13 08:02:54Z" end-time="2016-09-13 08:02:54Z" duration="0.006233" asserts="1" />
            <test-case id="1123" name="Test_Properties" fullname="SmartFormat.Tests.Extensions.ReflectionFormatterTests.Test_Properties" methodname="Test_Properties" classname="SmartFormat.Tests.Extensions.ReflectionFormatterTests" runstate="Runnable" seed="1683715449" result="Passed" start-time="2016-09-13 08:02:54Z" end-time="2016-09-13 08:02:54Z" duration="0.004133" asserts="5" />
            <test-case id="1124" name="Test_Properties_CaseInsensitive" fullname="SmartFormat.Tests.Extensions.ReflectionFormatterTests.Test_Properties_CaseInsensitive" methodname="Test_Properties_CaseInsensitive" classname="SmartFormat.Tests.Extensions.ReflectionFormatterTests" runstate="Runnable" seed="504802230" result="Passed" start-time="2016-09-13 08:02:54Z" end-time="2016-09-13 08:02:54Z" duration="0.003322" asserts="5" />
          </test-suite>
          <test-suite type="TestFixture" id="1129" name="StringBuilderTests" fullname="SmartFormat.Tests.Extensions.StringBuilderTests" classname="SmartFormat.Tests.Extensions.StringBuilderTests" runstate="Runnable" testcasecount="2" result="Passed" start-time="2016-09-13 08:02:54Z" end-time="2016-09-13 08:02:54Z" duration="0.026467" total="2" passed="2" failed="0" inconclusive="0" skipped="0" asserts="15">
            <test-case id="1131" name="Test_Append" fullname="SmartFormat.Tests.Extensions.StringBuilderTests.Test_Append" methodname="Test_Append" classname="SmartFormat.Tests.Extensions.StringBuilderTests" runstate="Runnable" seed="1030526094" result="Passed" start-time="2016-09-13 08:02:54Z" end-time="2016-09-13 08:02:54Z" duration="0.022768" asserts="9" />
            <test-case id="1130" name="Test_AppendLine" fullname="SmartFormat.Tests.Extensions.StringBuilderTests.Test_AppendLine" methodname="Test_AppendLine" classname="SmartFormat.Tests.Extensions.StringBuilderTests" runstate="Runnable" seed="1981712221" result="Passed" start-time="2016-09-13 08:02:54Z" end-time="2016-09-13 08:02:54Z" duration="0.001682" asserts="6" />
          </test-suite>
          <test-suite type="TestFixture" id="1132" name="TemplateFormatterTests" fullname="SmartFormat.Tests.Extensions.TemplateFormatterTests" classname="SmartFormat.Tests.Extensions.TemplateFormatterTests" runstate="Runnable" testcasecount="36" result="Passed" start-time="2016-09-13 08:02:54Z" end-time="2016-09-13 08:02:54Z" duration="0.067110" total="36" passed="36" failed="0" inconclusive="0" skipped="0" asserts="36">
            <test-suite type="ParameterizedMethod" id="1150" name="Multiple_templates_can_be_used" fullname="SmartFormat.Tests.Extensions.TemplateFormatterTests.Multiple_templates_can_be_used" classname="SmartFormat.Tests.Extensions.TemplateFormatterTests" runstate="Runnable" testcasecount="2" result="Passed" start-time="2016-09-13 08:02:54Z" end-time="2016-09-13 08:02:54Z" duration="0.004422" total="2" passed="2" failed="0" inconclusive="0" skipped="0" asserts="2">
              <test-case id="1148" name="Multiple_templates_can_be_used(&quot;{:template:FIRST} {:template:last}&quot;,&quot;SCOTT rippey&quot;)" fullname="SmartFormat.Tests.Extensions.TemplateFormatterTests.Multiple_templates_can_be_used(&quot;{:template:FIRST} {:template:last}&quot;,&quot;SCOTT rippey&quot;)" methodname="Multiple_templates_can_be_used" classname="SmartFormat.Tests.Extensions.TemplateFormatterTests" runstate="Runnable" seed="1732116085" result="Passed" start-time="2016-09-13 08:02:54Z" end-time="2016-09-13 08:02:54Z" duration="0.001624" asserts="1" />
              <test-case id="1149" name="Multiple_templates_can_be_used(&quot;{:template:firstLast} | {:template:lastFirst}&quot;,&quot;Scott Rippey | Rippey, Scott&quot;)" fullname="SmartFormat.Tests.Extensions.TemplateFormatterTests.Multiple_templates_can_be_used(&quot;{:template:firstLast} | {:template:lastFirst}&quot;,&quot;Scott Rippey | Rippey, Scott&quot;)" methodname="Multiple_templates_can_be_used" classname="SmartFormat.Tests.Extensions.TemplateFormatterTests" runstate="Runnable" seed="1042606453" result="Passed" start-time="2016-09-13 08:02:54Z" end-time="2016-09-13 08:02:54Z" duration="0.000195" asserts="1" />
            </test-suite>
            <test-suite type="ParameterizedMethod" id="1134" name="Sanity_test" fullname="SmartFormat.Tests.Extensions.TemplateFormatterTests.Sanity_test" classname="SmartFormat.Tests.Extensions.TemplateFormatterTests" runstate="Runnable" testcasecount="1" result="Passed" start-time="2016-09-13 08:02:54Z" end-time="2016-09-13 08:02:54Z" duration="0.001076" total="1" passed="1" failed="0" inconclusive="0" skipped="0" asserts="1">
              <test-case id="1133" name="Sanity_test(&quot;{First} {Last}&quot;,&quot;Scott Rippey&quot;)" fullname="SmartFormat.Tests.Extensions.TemplateFormatterTests.Sanity_test(&quot;{First} {Last}&quot;,&quot;Scott Rippey&quot;)" methodname="Sanity_test" classname="SmartFormat.Tests.Extensions.TemplateFormatterTests" runstate="Runnable" seed="1885855937" result="Passed" start-time="2016-09-13 08:02:54Z" end-time="2016-09-13 08:02:54Z" duration="0.000225" asserts="1" />
            </test-suite>
            <test-suite type="ParameterizedMethod" id="1147" name="Simple_templates_work_as_expected" fullname="SmartFormat.Tests.Extensions.TemplateFormatterTests.Simple_templates_work_as_expected" classname="SmartFormat.Tests.Extensions.TemplateFormatterTests" runstate="Runnable" testcasecount="4" result="Passed" start-time="2016-09-13 08:02:54Z" end-time="2016-09-13 08:02:54Z" duration="0.006534" total="4" passed="4" failed="0" inconclusive="0" skipped="0" asserts="4">
              <test-case id="1143" name="Simple_templates_work_as_expected(&quot;{:template:lastFirst}&quot;,&quot;Rippey, Scott&quot;)" fullname="SmartFormat.Tests.Extensions.TemplateFormatterTests.Simple_templates_work_as_expected(&quot;{:template:lastFirst}&quot;,&quot;Rippey, Scott&quot;)" methodname="Simple_templates_work_as_expected" classname="SmartFormat.Tests.Extensions.TemplateFormatterTests" runstate="Runnable" seed="1745753078" result="Passed" start-time="2016-09-13 08:02:54Z" end-time="2016-09-13 08:02:54Z" duration="0.000301" asserts="1" />
              <test-case id="1144" name="Simple_templates_work_as_expected(&quot;{:template:FIRST}&quot;,&quot;SCOTT&quot;)" fullname="SmartFormat.Tests.Extensions.TemplateFormatterTests.Simple_templates_work_as_expected(&quot;{:template:FIRST}&quot;,&quot;SCOTT&quot;)" methodname="Simple_templates_work_as_expected" classname="SmartFormat.Tests.Extensions.TemplateFormatterTests" runstate="Runnable" seed="608833039" result="Passed" start-time="2016-09-13 08:02:54Z" end-time="2016-09-13 08:02:54Z" duration="0.000290" asserts="1" />
              <test-case id="1145" name="Simple_templates_work_as_expected(&quot;{:template:last}&quot;,&quot;rippey&quot;)" fullname="SmartFormat.Tests.Extensions.TemplateFormatterTests.Simple_templates_work_as_expected(&quot;{:template:last}&quot;,&quot;rippey&quot;)" methodname="Simple_templates_work_as_expected" classname="SmartFormat.Tests.Extensions.TemplateFormatterTests" runstate="Runnable" seed="764378455" result="Passed" start-time="2016-09-13 08:02:54Z" end-time="2016-09-13 08:02:54Z" duration="0.000129" asserts="1" />
              <test-case id="1146" name="Simple_templates_work_as_expected(&quot;{:template:LAST}&quot;,&quot;RIPPEY&quot;)" fullname="SmartFormat.Tests.Extensions.TemplateFormatterTests.Simple_templates_work_as_expected(&quot;{:template:LAST}&quot;,&quot;RIPPEY&quot;)" methodname="Simple_templates_work_as_expected" classname="SmartFormat.Tests.Extensions.TemplateFormatterTests" runstate="Runnable" seed="973175875" result="Passed" start-time="2016-09-13 08:02:54Z" end-time="2016-09-13 08:02:54Z" duration="0.000105" asserts="1" />
            </test-suite>
            <test-suite type="ParameterizedMethod" id="1142" name="Template_can_be_called_with_options_or_with_formatString" fullname="SmartFormat.Tests.Extensions.TemplateFormatterTests.Template_can_be_called_with_options_or_with_formatString" classname="SmartFormat.Tests.Extensions.TemplateFormatterTests" runstate="Runnable" testcasecount="7" result="Passed" start-time="2016-09-13 08:02:54Z" end-time="2016-09-13 08:02:54Z" duration="0.010157" total="7" passed="7" failed="0" inconclusive="0" skipped="0" asserts="7">
              <test-case id="1135" name="Template_can_be_called_with_options_or_with_formatString(&quot;{:template(firstLast)}&quot;,&quot;Scott Rippey&quot;)" fullname="SmartFormat.Tests.Extensions.TemplateFormatterTests.Template_can_be_called_with_options_or_with_formatString(&quot;{:template(firstLast)}&quot;,&quot;Scott Rippey&quot;)" methodname="Template_can_be_called_with_options_or_with_formatString" classname="SmartFormat.Tests.Extensions.TemplateFormatterTests" runstate="Runnable" seed="953834006" result="Passed" start-time="2016-09-13 08:02:54Z" end-time="2016-09-13 08:02:54Z" duration="0.000247" asserts="1" />
              <test-case id="1136" name="Template_can_be_called_with_options_or_with_formatString(&quot;{:template:firstLast}&quot;,&quot;Scott Rippey&quot;)" fullname="SmartFormat.Tests.Extensions.TemplateFormatterTests.Template_can_be_called_with_options_or_with_formatString(&quot;{:template:firstLast}&quot;,&quot;Scott Rippey&quot;)" methodname="Template_can_be_called_with_options_or_with_formatString" classname="SmartFormat.Tests.Extensions.TemplateFormatterTests" runstate="Runnable" seed="1755857550" result="Passed" start-time="2016-09-13 08:02:54Z" end-time="2016-09-13 08:02:54Z" duration="0.000197" asserts="1" />
              <test-case id="1137" name="Template_can_be_called_with_options_or_with_formatString(&quot;{:template():firstLast}&quot;,&quot;Scott Rippey&quot;)" fullname="SmartFormat.Tests.Extensions.TemplateFormatterTests.Template_can_be_called_with_options_or_with_formatString(&quot;{:template():firstLast}&quot;,&quot;Scott Rippey&quot;)" methodname="Template_can_be_called_with_options_or_with_formatString" classname="SmartFormat.Tests.Extensions.TemplateFormatterTests" runstate="Runnable" seed="1702432317" result="Passed" start-time="2016-09-13 08:02:54Z" end-time="2016-09-13 08:02:54Z" duration="0.000185" asserts="1" />
              <test-case id="1138" name="Template_can_be_called_with_options_or_with_formatString(&quot;{:t(firstLast)}&quot;,&quot;Scott Rippey&quot;)" fullname="SmartFormat.Tests.Extensions.TemplateFormatterTests.Template_can_be_called_with_options_or_with_formatString(&quot;{:t(firstLast)}&quot;,&quot;Scott Rippey&quot;)" methodname="Template_can_be_called_with_options_or_with_formatString" classname="SmartFormat.Tests.Extensions.TemplateFormatterTests" runstate="Runnable" seed="542125483" result="Passed" start-time="2016-09-13 08:02:54Z" end-time="2016-09-13 08:02:54Z" duration="0.000221" asserts="1" />
              <test-case id="1139" name="Template_can_be_called_with_options_or_with_formatString(&quot;{:t:firstLast}&quot;,&quot;Scott Rippey&quot;)" fullname="SmartFormat.Tests.Extensions.TemplateFormatterTests.Template_can_be_called_with_options_or_with_formatString(&quot;{:t:firstLast}&quot;,&quot;Scott Rippey&quot;)" methodname="Template_can_be_called_with_options_or_with_formatString" classname="SmartFormat.Tests.Extensions.TemplateFormatterTests" runstate="Runnable" seed="511759628" result="Passed" start-time="2016-09-13 08:02:54Z" end-time="2016-09-13 08:02:54Z" duration="0.000178" asserts="1" />
              <test-case id="1140" name="Template_can_be_called_with_options_or_with_formatString(&quot;{:t(firstLast):IGNORED}&quot;,&quot;Scott Rippey&quot;)" fullname="SmartFormat.Tests.Extensions.TemplateFormatterTests.Template_can_be_called_with_options_or_with_formatString(&quot;{:t(firstLast):IGNORED}&quot;,&quot;Scott Rippey&quot;)" methodname="Template_can_be_called_with_options_or_with_formatString" classname="SmartFormat.Tests.Extensions.TemplateFormatterTests" runstate="Runnable" seed="378833613" result="Passed" start-time="2016-09-13 08:02:54Z" end-time="2016-09-13 08:02:54Z" duration="0.000213" asserts="1" />
              <test-case id="1141" name="Template_can_be_called_with_options_or_with_formatString(&quot;{:t:firstLast}&quot;,&quot;Scott Rippey&quot;)" fullname="SmartFormat.Tests.Extensions.TemplateFormatterTests.Template_can_be_called_with_options_or_with_formatString(&quot;{:t:firstLast}&quot;,&quot;Scott Rippey&quot;)" methodname="Template_can_be_called_with_options_or_with_formatString" classname="SmartFormat.Tests.Extensions.TemplateFormatterTests" runstate="Runnable" seed="802916193" result="Passed" start-time="2016-09-13 08:02:54Z" end-time="2016-09-13 08:02:54Z" duration="0.000224" asserts="1" />
            </test-suite>
            <test-suite type="ParameterizedMethod" id="1168" name="Templates_are_case_sensitive" fullname="SmartFormat.Tests.Extensions.TemplateFormatterTests.Templates_are_case_sensitive" classname="SmartFormat.Tests.Extensions.TemplateFormatterTests" runstate="Runnable" testcasecount="3" result="Passed" start-time="2016-09-13 08:02:54Z" end-time="2016-09-13 08:02:54Z" duration="0.006068" total="3" passed="3" failed="0" inconclusive="0" skipped="0" asserts="3">
              <test-case id="1165" name="Templates_are_case_sensitive(&quot;{:template:first}&quot;)" fullname="SmartFormat.Tests.Extensions.TemplateFormatterTests.Templates_are_case_sensitive(&quot;{:template:first}&quot;)" methodname="Templates_are_case_sensitive" classname="SmartFormat.Tests.Extensions.TemplateFormatterTests" runstate="Runnable" seed="1248481435" result="Passed" start-time="2016-09-13 08:02:54Z" end-time="2016-09-13 08:02:54Z" duration="0.000743" asserts="1" />
              <test-case id="1166" name="Templates_are_case_sensitive(&quot;{:template:firstlast}&quot;)" fullname="SmartFormat.Tests.Extensions.TemplateFormatterTests.Templates_are_case_sensitive(&quot;{:template:firstlast}&quot;)" methodname="Templates_are_case_sensitive" classname="SmartFormat.Tests.Extensions.TemplateFormatterTests" runstate="Runnable" seed="1823252721" result="Passed" start-time="2016-09-13 08:02:54Z" end-time="2016-09-13 08:02:54Z" duration="0.000332" asserts="1" />
              <test-case id="1167" name="Templates_are_case_sensitive(&quot;{:template:LaSt}&quot;)" fullname="SmartFormat.Tests.Extensions.TemplateFormatterTests.Templates_are_case_sensitive(&quot;{:template:LaSt}&quot;)" methodname="Templates_are_case_sensitive" classname="SmartFormat.Tests.Extensions.TemplateFormatterTests" runstate="Runnable" seed="355358661" result="Passed" start-time="2016-09-13 08:02:54Z" end-time="2016-09-13 08:02:54Z" duration="0.000259" asserts="1" />
            </test-suite>
            <test-suite type="ParameterizedMethod" id="1177" name="Templates_can_be_case_insensitive_and_overwrite_each_other" fullname="SmartFormat.Tests.Extensions.TemplateFormatterTests.Templates_can_be_case_insensitive_and_overwrite_each_other" classname="SmartFormat.Tests.Extensions.TemplateFormatterTests" runstate="Runnable" testcasecount="8" result="Passed" start-time="2016-09-13 08:02:54Z" end-time="2016-09-13 08:02:54Z" duration="0.014477" total="8" passed="8" failed="0" inconclusive="0" skipped="0" asserts="8">
              <test-case id="1169" name="Templates_can_be_case_insensitive_and_overwrite_each_other(&quot;{:template:first}&quot;,&quot;SCOTT&quot;)" fullname="SmartFormat.Tests.Extensions.TemplateFormatterTests.Templates_can_be_case_insensitive_and_overwrite_each_other(&quot;{:template:first}&quot;,&quot;SCOTT&quot;)" methodname="Templates_can_be_case_insensitive_and_overwrite_each_other" classname="SmartFormat.Tests.Extensions.TemplateFormatterTests" runstate="Runnable" seed="2146344238" result="Passed" start-time="2016-09-13 08:02:54Z" end-time="2016-09-13 08:02:54Z" duration="0.000521" asserts="1" />
              <test-case id="1170" name="Templates_can_be_case_insensitive_and_overwrite_each_other(&quot;{:template:FIRST}&quot;,&quot;SCOTT&quot;)" fullname="SmartFormat.Tests.Extensions.TemplateFormatterTests.Templates_can_be_case_insensitive_and_overwrite_each_other(&quot;{:template:FIRST}&quot;,&quot;SCOTT&quot;)" methodname="Templates_can_be_case_insensitive_and_overwrite_each_other" classname="SmartFormat.Tests.Extensions.TemplateFormatterTests" runstate="Runnable" seed="2006470224" result="Passed" start-time="2016-09-13 08:02:54Z" end-time="2016-09-13 08:02:54Z" duration="0.000188" asserts="1" />
              <test-case id="1171" name="Templates_can_be_case_insensitive_and_overwrite_each_other(&quot;{:template:last}&quot;,&quot;rippey&quot;)" fullname="SmartFormat.Tests.Extensions.TemplateFormatterTests.Templates_can_be_case_insensitive_and_overwrite_each_other(&quot;{:template:last}&quot;,&quot;rippey&quot;)" methodname="Templates_can_be_case_insensitive_and_overwrite_each_other" classname="SmartFormat.Tests.Extensions.TemplateFormatterTests" runstate="Runnable" seed="1073077880" result="Passed" start-time="2016-09-13 08:02:54Z" end-time="2016-09-13 08:02:54Z" duration="0.000203" asserts="1" />
              <test-case id="1172" name="Templates_can_be_case_insensitive_and_overwrite_each_other(&quot;{:template:LAST}&quot;,&quot;rippey&quot;)" fullname="SmartFormat.Tests.Extensions.TemplateFormatterTests.Templates_can_be_case_insensitive_and_overwrite_each_other(&quot;{:template:LAST}&quot;,&quot;rippey&quot;)" methodname="Templates_can_be_case_insensitive_and_overwrite_each_other" classname="SmartFormat.Tests.Extensions.TemplateFormatterTests" runstate="Runnable" seed="1368461559" result="Passed" start-time="2016-09-13 08:02:54Z" end-time="2016-09-13 08:02:54Z" duration="0.000456" asserts="1" />
              <test-case id="1173" name="Templates_can_be_case_insensitive_and_overwrite_each_other(&quot;{:template:nested}&quot;,&quot;SCOTT rippey&quot;)" fullname="SmartFormat.Tests.Extensions.TemplateFormatterTests.Templates_can_be_case_insensitive_and_overwrite_each_other(&quot;{:template:nested}&quot;,&quot;SCOTT rippey&quot;)" methodname="Templates_can_be_case_insensitive_and_overwrite_each_other" classname="SmartFormat.Tests.Extensions.TemplateFormatterTests" runstate="Runnable" seed="442430690" result="Passed" start-time="2016-09-13 08:02:54Z" end-time="2016-09-13 08:02:54Z" duration="0.000340" asserts="1" />
              <test-case id="1174" name="Templates_can_be_case_insensitive_and_overwrite_each_other(&quot;{:template:NESTED}&quot;,&quot;SCOTT rippey&quot;)" fullname="SmartFormat.Tests.Extensions.TemplateFormatterTests.Templates_can_be_case_insensitive_and_overwrite_each_other(&quot;{:template:NESTED}&quot;,&quot;SCOTT rippey&quot;)" methodname="Templates_can_be_case_insensitive_and_overwrite_each_other" classname="SmartFormat.Tests.Extensions.TemplateFormatterTests" runstate="Runnable" seed="770975123" result="Passed" start-time="2016-09-13 08:02:54Z" end-time="2016-09-13 08:02:54Z" duration="0.000376" asserts="1" />
              <test-case id="1175" name="Templates_can_be_case_insensitive_and_overwrite_each_other(&quot;{:template:NeStEd}&quot;,&quot;SCOTT rippey&quot;)" fullname="SmartFormat.Tests.Extensions.TemplateFormatterTests.Templates_can_be_case_insensitive_and_overwrite_each_other(&quot;{:template:NeStEd}&quot;,&quot;SCOTT rippey&quot;)" methodname="Templates_can_be_case_insensitive_and_overwrite_each_other" classname="SmartFormat.Tests.Extensions.TemplateFormatterTests" runstate="Runnable" seed="2142203535" result="Passed" start-time="2016-09-13 08:02:54Z" end-time="2016-09-13 08:02:54Z" duration="0.000916" asserts="1" />
              <test-case id="1176" name="Templates_can_be_case_insensitive_and_overwrite_each_other(&quot;{:template:fIrStLaSt}&quot;,&quot;Scott Rippey&quot;)" fullname="SmartFormat.Tests.Extensions.TemplateFormatterTests.Templates_can_be_case_insensitive_and_overwrite_each_other(&quot;{:template:fIrStLaSt}&quot;,&quot;Scott Rippey&quot;)" methodname="Templates_can_be_case_insensitive_and_overwrite_each_other" classname="SmartFormat.Tests.Extensions.TemplateFormatterTests" runstate="Runnable" seed="31092232" result="Passed" start-time="2016-09-13 08:02:54Z" end-time="2016-09-13 08:02:54Z" duration="0.000226" asserts="1" />
            </test-suite>
            <test-suite type="ParameterizedMethod" id="1152" name="Templates_can_be_nested" fullname="SmartFormat.Tests.Extensions.TemplateFormatterTests.Templates_can_be_nested" classname="SmartFormat.Tests.Extensions.TemplateFormatterTests" runstate="Runnable" testcasecount="1" result="Passed" start-time="2016-09-13 08:02:54Z" end-time="2016-09-13 08:02:54Z" duration="0.001353" total="1" passed="1" failed="0" inconclusive="0" skipped="0" asserts="1">
              <test-case id="1151" name="Templates_can_be_nested(&quot;{:template:NESTED}&quot;,&quot;SCOTT rippey&quot;)" fullname="SmartFormat.Tests.Extensions.TemplateFormatterTests.Templates_can_be_nested(&quot;{:template:NESTED}&quot;,&quot;SCOTT rippey&quot;)" methodname="Templates_can_be_nested" classname="SmartFormat.Tests.Extensions.TemplateFormatterTests" runstate="Runnable" seed="796159536" result="Passed" start-time="2016-09-13 08:02:54Z" end-time="2016-09-13 08:02:54Z" duration="0.000296" asserts="1" />
            </test-suite>
            <test-suite type="ParameterizedMethod" id="1155" name="Templates_can_be_reused" fullname="SmartFormat.Tests.Extensions.TemplateFormatterTests.Templates_can_be_reused" classname="SmartFormat.Tests.Extensions.TemplateFormatterTests" runstate="Runnable" testcasecount="2" result="Passed" start-time="2016-09-13 08:02:54Z" end-time="2016-09-13 08:02:54Z" duration="0.004368" total="2" passed="2" failed="0" inconclusive="0" skipped="0" asserts="2">
              <test-case id="1153" name="Templates_can_be_reused(&quot;{:{:template:FIRST} {:template:last}|, }&quot;,&quot;JIM halpert, PAM beasley, DWIGHT schrute&quot;)" fullname="SmartFormat.Tests.Extensions.TemplateFormatterTests.Templates_can_be_reused(&quot;{:{:template:FIRST} {:template:last}|, }&quot;,&quot;JIM halpert, PAM beasley, DWIGHT schrute&quot;)" methodname="Templates_can_be_reused" classname="SmartFormat.Tests.Extensions.TemplateFormatterTests" runstate="Runnable" seed="1398719226" result="Passed" start-time="2016-09-13 08:02:54Z" end-time="2016-09-13 08:02:54Z" duration="0.001361" asserts="1" />
              <test-case id="1154" name="Templates_can_be_reused(&quot;{:{:template:NESTED}|, }&quot;,&quot;JIM halpert, PAM beasley, DWIGHT schrute&quot;)" fullname="SmartFormat.Tests.Extensions.TemplateFormatterTests.Templates_can_be_reused(&quot;{:{:template:NESTED}|, }&quot;,&quot;JIM halpert, PAM beasley, DWIGHT schrute&quot;)" methodname="Templates_can_be_reused" classname="SmartFormat.Tests.Extensions.TemplateFormatterTests" runstate="Runnable" seed="414595632" result="Passed" start-time="2016-09-13 08:02:54Z" end-time="2016-09-13 08:02:54Z" duration="0.000485" asserts="1" />
            </test-suite>
            <test-suite type="ParameterizedMethod" id="1164" name="Templates_must_be_defined" fullname="SmartFormat.Tests.Extensions.TemplateFormatterTests.Templates_must_be_defined" classname="SmartFormat.Tests.Extensions.TemplateFormatterTests" runstate="Runnable" testcasecount="8" result="Passed" start-time="2016-09-13 08:02:54Z" end-time="2016-09-13 08:02:54Z" duration="0.013108" total="8" passed="8" failed="0" inconclusive="0" skipped="0" asserts="8">
              <test-case id="1156" name="Templates_must_be_defined(&quot;{:template:AAAA}&quot;)" fullname="SmartFormat.Tests.Extensions.TemplateFormatterTests.Templates_must_be_defined(&quot;{:template:AAAA}&quot;)" methodname="Templates_must_be_defined" classname="SmartFormat.Tests.Extensions.TemplateFormatterTests" runstate="Runnable" seed="21882702" result="Passed" start-time="2016-09-13 08:02:54Z" end-time="2016-09-13 08:02:54Z" duration="0.000719" asserts="1" />
              <test-case id="1157" name="Templates_must_be_defined(&quot;{:template:9999}&quot;)" fullname="SmartFormat.Tests.Extensions.TemplateFormatterTests.Templates_must_be_defined(&quot;{:template:9999}&quot;)" methodname="Templates_must_be_defined" classname="SmartFormat.Tests.Extensions.TemplateFormatterTests" runstate="Runnable" seed="1267860307" result="Passed" start-time="2016-09-13 08:02:54Z" end-time="2016-09-13 08:02:54Z" duration="0.000181" asserts="1" />
              <test-case id="1158" name="Templates_must_be_defined(&quot;{:template:FIRST_}&quot;)" fullname="SmartFormat.Tests.Extensions.TemplateFormatterTests.Templates_must_be_defined(&quot;{:template:FIRST_}&quot;)" methodname="Templates_must_be_defined" classname="SmartFormat.Tests.Extensions.TemplateFormatterTests" runstate="Runnable" seed="1637472223" result="Passed" start-time="2016-09-13 08:02:54Z" end-time="2016-09-13 08:02:54Z" duration="0.000162" asserts="1" />
              <test-case id="1159" name="Templates_must_be_defined(&quot;{:template:_last}&quot;)" fullname="SmartFormat.Tests.Extensions.TemplateFormatterTests.Templates_must_be_defined(&quot;{:template:_last}&quot;)" methodname="Templates_must_be_defined" classname="SmartFormat.Tests.Extensions.TemplateFormatterTests" runstate="Runnable" seed="427517767" result="Passed" start-time="2016-09-13 08:02:54Z" end-time="2016-09-13 08:02:54Z" duration="0.000299" asserts="1" />
              <test-case id="1160" name="Templates_must_be_defined(&quot;{:template:}&quot;)" fullname="SmartFormat.Tests.Extensions.TemplateFormatterTests.Templates_must_be_defined(&quot;{:template:}&quot;)" methodname="Templates_must_be_defined" classname="SmartFormat.Tests.Extensions.TemplateFormatterTests" runstate="Runnable" seed="2092645255" result="Passed" start-time="2016-09-13 08:02:54Z" end-time="2016-09-13 08:02:54Z" duration="0.000864" asserts="1" />
              <test-case id="1161" name="Templates_must_be_defined(&quot;{:template()}&quot;)" fullname="SmartFormat.Tests.Extensions.TemplateFormatterTests.Templates_must_be_defined(&quot;{:template()}&quot;)" methodname="Templates_must_be_defined" classname="SmartFormat.Tests.Extensions.TemplateFormatterTests" runstate="Runnable" seed="1792725712" result="Passed" start-time="2016-09-13 08:02:54Z" end-time="2016-09-13 08:02:54Z" duration="0.000285" asserts="1" />
              <test-case id="1162" name="Templates_must_be_defined(&quot;{:template(AAAA):}&quot;)" fullname="SmartFormat.Tests.Extensions.TemplateFormatterTests.Templates_must_be_defined(&quot;{:template(AAAA):}&quot;)" methodname="Templates_must_be_defined" classname="SmartFormat.Tests.Extensions.TemplateFormatterTests" runstate="Runnable" seed="1069525935" result="Passed" start-time="2016-09-13 08:02:54Z" end-time="2016-09-13 08:02:54Z" duration="0.000204" asserts="1" />
              <test-case id="1163" name="Templates_must_be_defined(&quot;{:template():AAAA}&quot;)" fullname="SmartFormat.Tests.Extensions.TemplateFormatterTests.Templates_must_be_defined(&quot;{:template():AAAA}&quot;)" methodname="Templates_must_be_defined" classname="SmartFormat.Tests.Extensions.TemplateFormatterTests" runstate="Runnable" seed="888770104" result="Passed" start-time="2016-09-13 08:02:54Z" end-time="2016-09-13 08:02:54Z" duration="0.000158" asserts="1" />
            </test-suite>
          </test-suite>
          <test-suite type="TestFixture" id="1178" name="TimeFormatterTests" fullname="SmartFormat.Tests.Extensions.TimeFormatterTests" classname="SmartFormat.Tests.Extensions.TimeFormatterTests" runstate="Runnable" testcasecount="2" result="Passed" start-time="2016-09-13 08:02:54Z" end-time="2016-09-13 08:02:54Z" duration="0.005332" total="2" passed="2" failed="0" inconclusive="0" skipped="0" asserts="15">
            <test-case id="1179" name="Test_Defaults" fullname="SmartFormat.Tests.Extensions.TimeFormatterTests.Test_Defaults" methodname="Test_Defaults" classname="SmartFormat.Tests.Extensions.TimeFormatterTests" runstate="Runnable" seed="1865993768" result="Passed" start-time="2016-09-13 08:02:54Z" end-time="2016-09-13 08:02:54Z" duration="0.001504" asserts="6" />
            <test-case id="1180" name="Test_Options" fullname="SmartFormat.Tests.Extensions.TimeFormatterTests.Test_Options" methodname="Test_Options" classname="SmartFormat.Tests.Extensions.TimeFormatterTests" runstate="Runnable" seed="833430466" result="Passed" start-time="2016-09-13 08:02:54Z" end-time="2016-09-13 08:02:54Z" duration="0.001703" asserts="9" />
          </test-suite>
          <test-suite type="TestFixture" id="1181" name="XmlSourceTest" fullname="SmartFormat.Tests.Extensions.XmlSourceTest" classname="SmartFormat.Tests.Extensions.XmlSourceTest" runstate="Runnable" testcasecount="9" result="Passed" start-time="2016-09-13 08:02:54Z" end-time="2016-09-13 08:02:54Z" duration="0.018624" total="9" passed="9" failed="0" inconclusive="0" skipped="0" asserts="9">
            <test-case id="1186" name="Format_MultipleElement_AccessibleByIndex" fullname="SmartFormat.Tests.Extensions.XmlSourceTest.Format_MultipleElement_AccessibleByIndex" methodname="Format_MultipleElement_AccessibleByIndex" classname="SmartFormat.Tests.Extensions.XmlSourceTest" runstate="Runnable" seed="628694623" result="Passed" start-time="2016-09-13 08:02:54Z" end-time="2016-09-13 08:02:54Z" duration="0.001751" asserts="1" />
            <test-case id="1189" name="Format_MultipleElement_FormatsAsList" fullname="SmartFormat.Tests.Extensions.XmlSourceTest.Format_MultipleElement_FormatsAsList" methodname="Format_MultipleElement_FormatsAsList" classname="SmartFormat.Tests.Extensions.XmlSourceTest" runstate="Runnable" seed="713252172" result="Passed" start-time="2016-09-13 08:02:54Z" end-time="2016-09-13 08:02:54Z" duration="0.000607" asserts="1" />
            <test-case id="1188" name="Format_MultipleElement_FormatsCount" fullname="SmartFormat.Tests.Extensions.XmlSourceTest.Format_MultipleElement_FormatsCount" methodname="Format_MultipleElement_FormatsCount" classname="SmartFormat.Tests.Extensions.XmlSourceTest" runstate="Runnable" seed="117639092" result="Passed" start-time="2016-09-13 08:02:54Z" end-time="2016-09-13 08:02:54Z" duration="0.001565" asserts="1" />
            <test-case id="1187" name="Format_MultipleElement_WithoutIndexesReturnsFirst" fullname="SmartFormat.Tests.Extensions.XmlSourceTest.Format_MultipleElement_WithoutIndexesReturnsFirst" methodname="Format_MultipleElement_WithoutIndexesReturnsFirst" classname="SmartFormat.Tests.Extensions.XmlSourceTest" runstate="Runnable" seed="1039550846" result="Passed" start-time="2016-09-13 08:02:54Z" end-time="2016-09-13 08:02:54Z" duration="0.000512" asserts="1" />
            <test-case id="1183" name="Format_SingleLevelXml_CanAccessWithIndex0" fullname="SmartFormat.Tests.Extensions.XmlSourceTest.Format_SingleLevelXml_CanAccessWithIndex0" methodname="Format_SingleLevelXml_CanAccessWithIndex0" classname="SmartFormat.Tests.Extensions.XmlSourceTest" runstate="Runnable" seed="1285225854" result="Passed" start-time="2016-09-13 08:02:54Z" end-time="2016-09-13 08:02:54Z" duration="0.000354" asserts="1" />
            <test-case id="1182" name="Format_SingleLevelXml_Replaced" fullname="SmartFormat.Tests.Extensions.XmlSourceTest.Format_SingleLevelXml_Replaced" methodname="Format_SingleLevelXml_Replaced" classname="SmartFormat.Tests.Extensions.XmlSourceTest" runstate="Runnable" seed="2126226384" result="Passed" start-time="2016-09-13 08:02:54Z" end-time="2016-09-13 08:02:54Z" duration="0.000460" asserts="1" />
            <test-case id="1185" name="Format_SingleLevelXml_TemplateWithCurlyBraces_Escaped" fullname="SmartFormat.Tests.Extensions.XmlSourceTest.Format_SingleLevelXml_TemplateWithCurlyBraces_Escaped" methodname="Format_SingleLevelXml_TemplateWithCurlyBraces_Escaped" classname="SmartFormat.Tests.Extensions.XmlSourceTest" runstate="Runnable" seed="1502137752" result="Passed" start-time="2016-09-13 08:02:54Z" end-time="2016-09-13 08:02:54Z" duration="0.000402" asserts="1" />
            <test-case id="1190" name="Format_TwoLevelXml_InvalidSelectors_Throws" fullname="SmartFormat.Tests.Extensions.XmlSourceTest.Format_TwoLevelXml_InvalidSelectors_Throws" methodname="Format_TwoLevelXml_InvalidSelectors_Throws" classname="SmartFormat.Tests.Extensions.XmlSourceTest" runstate="Runnable" seed="777614866" result="Passed" start-time="2016-09-13 08:02:54Z" end-time="2016-09-13 08:02:54Z" duration="0.000817" asserts="1" />
            <test-case id="1184" name="Format_XmlWithNamespaces_IgnoringNamespace" fullname="SmartFormat.Tests.Extensions.XmlSourceTest.Format_XmlWithNamespaces_IgnoringNamespace" methodname="Format_XmlWithNamespaces_IgnoringNamespace" classname="SmartFormat.Tests.Extensions.XmlSourceTest" runstate="Runnable" seed="662140819" result="Passed" start-time="2016-09-13 08:02:54Z" end-time="2016-09-13 08:02:54Z" duration="0.000695" asserts="1" />
          </test-suite>
        </test-suite>
        <test-suite type="TestSuite" id="1302" name="OldTests" fullname="SmartFormat.Tests.OldTests" runstate="Runnable" testcasecount="33" result="Passed" start-time="2016-09-13 08:02:54Z" end-time="2016-09-13 08:02:54Z" duration="0.068878" total="33" passed="32" failed="0" inconclusive="0" skipped="1" asserts="32">
          <test-suite type="TestFixture" id="1003" name="CodeProjectExampleTests" fullname="SmartFormat.Tests.OldTests.CodeProjectExampleTests" classname="SmartFormat.Tests.OldTests.CodeProjectExampleTests" runstate="Runnable" testcasecount="32" result="Passed" start-time="2016-09-13 08:02:54Z" end-time="2016-09-13 08:02:54Z" duration="0.060439" total="32" passed="32" failed="0" inconclusive="0" skipped="0" asserts="32">
            <test-case id="1032" name="AdvancedArray" fullname="SmartFormat.Tests.OldTests.CodeProjectExampleTests.AdvancedArray" methodname="AdvancedArray" classname="SmartFormat.Tests.OldTests.CodeProjectExampleTests" runstate="Runnable" seed="1854262985" result="Passed" start-time="2016-09-13 08:02:54Z" end-time="2016-09-13 08:02:54Z" duration="0.000731" asserts="1" />
            <test-case id="1033" name="AdvancedArrayUsingIndex" fullname="SmartFormat.Tests.OldTests.CodeProjectExampleTests.AdvancedArrayUsingIndex" methodname="AdvancedArrayUsingIndex" classname="SmartFormat.Tests.OldTests.CodeProjectExampleTests" runstate="Runnable" seed="939776289" result="Passed" start-time="2016-09-13 08:02:54Z" end-time="2016-09-13 08:02:54Z" duration="0.000575" asserts="1" />
            <test-case id="1008" name="ArgumentIndexes" fullname="SmartFormat.Tests.OldTests.CodeProjectExampleTests.ArgumentIndexes" methodname="ArgumentIndexes" classname="SmartFormat.Tests.OldTests.CodeProjectExampleTests" runstate="Runnable" seed="480134959" result="Passed" start-time="2016-09-13 08:02:54Z" end-time="2016-09-13 08:02:54Z" duration="0.002665" asserts="1" />
            <test-case id="1007" name="BasicArray" fullname="SmartFormat.Tests.OldTests.CodeProjectExampleTests.BasicArray" methodname="BasicArray" classname="SmartFormat.Tests.OldTests.CodeProjectExampleTests" runstate="Runnable" seed="6838429" result="Passed" start-time="2016-09-13 08:02:54Z" end-time="2016-09-13 08:02:54Z" duration="0.000700" asserts="1" />
            <test-case id="1006" name="BasicConditional" fullname="SmartFormat.Tests.OldTests.CodeProjectExampleTests.BasicConditional" methodname="BasicConditional" classname="SmartFormat.Tests.OldTests.CodeProjectExampleTests" runstate="Runnable" seed="20212674" result="Passed" start-time="2016-09-13 08:02:54Z" end-time="2016-09-13 08:02:54Z" duration="0.000389" asserts="1" />
            <test-case id="1005" name="BasicReflection" fullname="SmartFormat.Tests.OldTests.CodeProjectExampleTests.BasicReflection" methodname="BasicReflection" classname="SmartFormat.Tests.OldTests.CodeProjectExampleTests" runstate="Runnable" seed="930512839" result="Passed" start-time="2016-09-13 08:02:54Z" end-time="2016-09-13 08:02:54Z" duration="0.002381" asserts="1" />
            <test-case id="1004" name="BasicSyntax" fullname="SmartFormat.Tests.OldTests.CodeProjectExampleTests.BasicSyntax" methodname="BasicSyntax" classname="SmartFormat.Tests.OldTests.CodeProjectExampleTests" runstate="Runnable" seed="624333416" result="Passed" start-time="2016-09-13 08:02:54Z" end-time="2016-09-13 08:02:54Z" duration="0.001025" asserts="1" />
            <test-case id="1028" name="ComplexCondition" fullname="SmartFormat.Tests.OldTests.CodeProjectExampleTests.ComplexCondition" methodname="ComplexCondition" classname="SmartFormat.Tests.OldTests.CodeProjectExampleTests" runstate="Runnable" seed="1957557880" result="Passed" start-time="2016-09-13 08:02:54Z" end-time="2016-09-13 08:02:54Z" duration="0.000416" asserts="1" />
            <test-case id="1031" name="ComplexConditionFallThroughCase" fullname="SmartFormat.Tests.OldTests.CodeProjectExampleTests.ComplexConditionFallThroughCase" methodname="ComplexConditionFallThroughCase" classname="SmartFormat.Tests.OldTests.CodeProjectExampleTests" runstate="Runnable" seed="1014346644" result="Passed" start-time="2016-09-13 08:02:54Z" end-time="2016-09-13 08:02:54Z" duration="0.000364" asserts="1" />
            <test-case id="1029" name="ComplexConditionFirstMatchingCase" fullname="SmartFormat.Tests.OldTests.CodeProjectExampleTests.ComplexConditionFirstMatchingCase" methodname="ComplexConditionFirstMatchingCase" classname="SmartFormat.Tests.OldTests.CodeProjectExampleTests" runstate="Runnable" seed="423658313" result="Passed" start-time="2016-09-13 08:02:54Z" end-time="2016-09-13 08:02:54Z" duration="0.000373" asserts="1" />
            <test-case id="1030" name="ComplexConditionFirstMatchingCase_CaseInsensitive" fullname="SmartFormat.Tests.OldTests.CodeProjectExampleTests.ComplexConditionFirstMatchingCase_CaseInsensitive" methodname="ComplexConditionFirstMatchingCase_CaseInsensitive" classname="SmartFormat.Tests.OldTests.CodeProjectExampleTests" runstate="Runnable" seed="1719026248" result="Passed" start-time="2016-09-13 08:02:54Z" end-time="2016-09-13 08:02:54Z" duration="0.000481" asserts="1" />
            <test-case id="1024" name="ConditonalNumber_NegativeZeroOneOrDefault_Value0" fullname="SmartFormat.Tests.OldTests.CodeProjectExampleTests.ConditonalNumber_NegativeZeroOneOrDefault_Value0" methodname="ConditonalNumber_NegativeZeroOneOrDefault_Value0" classname="SmartFormat.Tests.OldTests.CodeProjectExampleTests" runstate="Runnable" seed="1469319706" result="Passed" start-time="2016-09-13 08:02:54Z" end-time="2016-09-13 08:02:54Z" duration="0.000297" asserts="1" />
            <test-case id="1025" name="ConditonalNumber_NegativeZeroOneOrDefault_Value1" fullname="SmartFormat.Tests.OldTests.CodeProjectExampleTests.ConditonalNumber_NegativeZeroOneOrDefault_Value1" methodname="ConditonalNumber_NegativeZeroOneOrDefault_Value1" classname="SmartFormat.Tests.OldTests.CodeProjectExampleTests" runstate="Runnable" seed="715819451" result="Passed" start-time="2016-09-13 08:02:54Z" end-time="2016-09-13 08:02:54Z" duration="0.000305" asserts="1" />
            <test-case id="1026" name="ConditonalNumber_NegativeZeroOneOrDefault_Value3" fullname="SmartFormat.Tests.OldTests.CodeProjectExampleTests.ConditonalNumber_NegativeZeroOneOrDefault_Value3" methodname="ConditonalNumber_NegativeZeroOneOrDefault_Value3" classname="SmartFormat.Tests.OldTests.CodeProjectExampleTests" runstate="Runnable" seed="454888011" result="Passed" start-time="2016-09-13 08:02:54Z" end-time="2016-09-13 08:02:54Z" duration="0.000305" asserts="1" />
            <test-case id="1027" name="ConditonalNumber_NegativeZeroOneOrDefault_ValueNegative2" fullname="SmartFormat.Tests.OldTests.CodeProjectExampleTests.ConditonalNumber_NegativeZeroOneOrDefault_ValueNegative2" methodname="ConditonalNumber_NegativeZeroOneOrDefault_ValueNegative2" classname="SmartFormat.Tests.OldTests.CodeProjectExampleTests" runstate="Runnable" seed="630202722" result="Passed" start-time="2016-09-13 08:02:54Z" end-time="2016-09-13 08:02:54Z" duration="0.000320" asserts="1" />
            <test-case id="1018" name="ConditonalNumber_OneOrDefault_Value0" fullname="SmartFormat.Tests.OldTests.CodeProjectExampleTests.ConditonalNumber_OneOrDefault_Value0" methodname="ConditonalNumber_OneOrDefault_Value0" classname="SmartFormat.Tests.OldTests.CodeProjectExampleTests" runstate="Runnable" seed="1546731778" result="Passed" start-time="2016-09-13 08:02:54Z" end-time="2016-09-13 08:02:54Z" duration="0.000304" asserts="1" />
            <test-case id="1019" name="ConditonalNumber_OneOrDefault_Value1" fullname="SmartFormat.Tests.OldTests.CodeProjectExampleTests.ConditonalNumber_OneOrDefault_Value1" methodname="ConditonalNumber_OneOrDefault_Value1" classname="SmartFormat.Tests.OldTests.CodeProjectExampleTests" runstate="Runnable" seed="340666498" result="Passed" start-time="2016-09-13 08:02:54Z" end-time="2016-09-13 08:02:54Z" duration="0.000339" asserts="1" />
            <test-case id="1020" name="ConditonalNumber_OneOrDefault_Value3" fullname="SmartFormat.Tests.OldTests.CodeProjectExampleTests.ConditonalNumber_OneOrDefault_Value3" methodname="ConditonalNumber_OneOrDefault_Value3" classname="SmartFormat.Tests.OldTests.CodeProjectExampleTests" runstate="Runnable" seed="913211962" result="Passed" start-time="2016-09-13 08:02:54Z" end-time="2016-09-13 08:02:54Z" duration="0.000836" asserts="1" />
            <test-case id="1021" name="ConditonalNumber_ZeroOneOrDefault_Value0" fullname="SmartFormat.Tests.OldTests.CodeProjectExampleTests.ConditonalNumber_ZeroOneOrDefault_Value0" methodname="ConditonalNumber_ZeroOneOrDefault_Value0" classname="SmartFormat.Tests.OldTests.CodeProjectExampleTests" runstate="Runnable" seed="977109178" result="Passed" start-time="2016-09-13 08:02:54Z" end-time="2016-09-13 08:02:54Z" duration="0.000394" asserts="1" />
            <test-case id="1022" name="ConditonalNumber_ZeroOneOrDefault_Value1" fullname="SmartFormat.Tests.OldTests.CodeProjectExampleTests.ConditonalNumber_ZeroOneOrDefault_Value1" methodname="ConditonalNumber_ZeroOneOrDefault_Value1" classname="SmartFormat.Tests.OldTests.CodeProjectExampleTests" runstate="Runnable" seed="1476964693" result="Passed" start-time="2016-09-13 08:02:54Z" end-time="2016-09-13 08:02:54Z" duration="0.000325" asserts="1" />
            <test-case id="1023" name="ConditonalNumber_ZeroOneOrDefault_Value3" fullname="SmartFormat.Tests.OldTests.CodeProjectExampleTests.ConditonalNumber_ZeroOneOrDefault_Value3" methodname="ConditonalNumber_ZeroOneOrDefault_Value3" classname="SmartFormat.Tests.OldTests.CodeProjectExampleTests" runstate="Runnable" seed="577109970" result="Passed" start-time="2016-09-13 08:02:54Z" end-time="2016-09-13 08:02:54Z" duration="0.000335" asserts="1" />
            <test-case id="1009" name="DotNotation" fullname="SmartFormat.Tests.OldTests.CodeProjectExampleTests.DotNotation" methodname="DotNotation" classname="SmartFormat.Tests.OldTests.CodeProjectExampleTests" runstate="Runnable" seed="1231038389" result="Passed" start-time="2016-09-13 08:02:54Z" end-time="2016-09-13 08:02:54Z" duration="0.000733" asserts="1" />
            <test-case id="1010" name="DotNotation_CaseInsensitive" fullname="SmartFormat.Tests.OldTests.CodeProjectExampleTests.DotNotation_CaseInsensitive" methodname="DotNotation_CaseInsensitive" classname="SmartFormat.Tests.OldTests.CodeProjectExampleTests" runstate="Runnable" seed="1911688177" result="Passed" start-time="2016-09-13 08:02:54Z" end-time="2016-09-13 08:02:54Z" duration="0.000556" asserts="1" />
            <test-case id="1034" name="EscapingDoubleBraces" fullname="SmartFormat.Tests.OldTests.CodeProjectExampleTests.EscapingDoubleBraces" methodname="EscapingDoubleBraces" classname="SmartFormat.Tests.OldTests.CodeProjectExampleTests" runstate="Runnable" seed="1584812812" result="Passed" start-time="2016-09-13 08:02:54Z" end-time="2016-09-13 08:02:54Z" duration="0.000677" asserts="1" />
            <test-case id="1035" name="EscapingSlashBraces" fullname="SmartFormat.Tests.OldTests.CodeProjectExampleTests.EscapingSlashBraces" methodname="EscapingSlashBraces" classname="SmartFormat.Tests.OldTests.CodeProjectExampleTests" runstate="Runnable" seed="1701333906" result="Passed" start-time="2016-09-13 08:02:54Z" end-time="2016-09-13 08:02:54Z" duration="0.000561" asserts="1" />
            <test-case id="1011" name="Nesting" fullname="SmartFormat.Tests.OldTests.CodeProjectExampleTests.Nesting" methodname="Nesting" classname="SmartFormat.Tests.OldTests.CodeProjectExampleTests" runstate="Runnable" seed="868509275" result="Passed" start-time="2016-09-13 08:02:54Z" end-time="2016-09-13 08:02:54Z" duration="0.000465" asserts="1" />
            <test-case id="1012" name="NestingCollection" fullname="SmartFormat.Tests.OldTests.CodeProjectExampleTests.NestingCollection" methodname="NestingCollection" classname="SmartFormat.Tests.OldTests.CodeProjectExampleTests" runstate="Runnable" seed="2019905255" result="Passed" start-time="2016-09-13 08:02:54Z" end-time="2016-09-13 08:02:54Z" duration="0.001364" asserts="1" />
            <test-case id="1013" name="NestingCollection_CaseInsensitive" fullname="SmartFormat.Tests.OldTests.CodeProjectExampleTests.NestingCollection_CaseInsensitive" methodname="NestingCollection_CaseInsensitive" classname="SmartFormat.Tests.OldTests.CodeProjectExampleTests" runstate="Runnable" seed="1726397468" result="Passed" start-time="2016-09-13 08:02:54Z" end-time="2016-09-13 08:02:54Z" duration="0.000799" asserts="1" />
            <test-case id="1017" name="OutOfScope" fullname="SmartFormat.Tests.OldTests.CodeProjectExampleTests.OutOfScope" methodname="OutOfScope" classname="SmartFormat.Tests.OldTests.CodeProjectExampleTests" runstate="Runnable" seed="1314908416" result="Passed" start-time="2016-09-13 08:02:54Z" end-time="2016-09-13 08:02:54Z" duration="0.001210" asserts="1" />
            <test-case id="1014" name="Scope" fullname="SmartFormat.Tests.OldTests.CodeProjectExampleTests.Scope" methodname="Scope" classname="SmartFormat.Tests.OldTests.CodeProjectExampleTests" runstate="Runnable" seed="1540545992" result="Passed" start-time="2016-09-13 08:02:54Z" end-time="2016-09-13 08:02:54Z" duration="0.000362" asserts="1" />
            <test-case id="1016" name="ScopeEmptyPlaceholder" fullname="SmartFormat.Tests.OldTests.CodeProjectExampleTests.ScopeEmptyPlaceholder" methodname="ScopeEmptyPlaceholder" classname="SmartFormat.Tests.OldTests.CodeProjectExampleTests" runstate="Runnable" seed="184197913" result="Passed" start-time="2016-09-13 08:02:54Z" end-time="2016-09-13 08:02:54Z" duration="0.000467" asserts="1" />
            <test-case id="1015" name="ScopeOmitFirstArgIndex" fullname="SmartFormat.Tests.OldTests.CodeProjectExampleTests.ScopeOmitFirstArgIndex" methodname="ScopeOmitFirstArgIndex" classname="SmartFormat.Tests.OldTests.CodeProjectExampleTests" runstate="Runnable" seed="2060867582" result="Passed" start-time="2016-09-13 08:02:54Z" end-time="2016-09-13 08:02:54Z" duration="0.000376" asserts="1" />
          </test-suite>
          <test-suite type="TestFixture" id="1036" name="PerformanceTests" fullname="SmartFormat.Tests.OldTests.PerformanceTests" classname="SmartFormat.Tests.OldTests.PerformanceTests" runstate="Explicit" testcasecount="1" result="Skipped" label="Explicit" site="SetUp" start-time="2016-09-13 08:02:54Z" end-time="2016-09-13 08:02:54Z" duration="0.007140" total="1" passed="0" failed="0" inconclusive="0" skipped="1" asserts="0">
            <test-case id="1037" name="PerformanceTest_ComparedTo_StringFormat" fullname="SmartFormat.Tests.OldTests.PerformanceTests.PerformanceTest_ComparedTo_StringFormat" methodname="PerformanceTest_ComparedTo_StringFormat" classname="SmartFormat.Tests.OldTests.PerformanceTests" runstate="Explicit" seed="933348647" result="Skipped" label="Explicit" site="Parent" start-time="0001-01-01 00:00:00Z" end-time="0001-01-01 00:00:00Z" duration="0.000000" asserts="0">
              <properties>
                <property name="_SKIPREASON" value="This performance test takes like 45 seconds" />
              </properties>
              <reason>
                <message><![CDATA[OneTimeSetUp: ]]></message>
              </reason>
            </test-case>
          </test-suite>
        </test-suite>
        <test-suite type="TestSuite" id="1301" name="Utilities" fullname="SmartFormat.Tests.Utilities" runstate="Runnable" testcasecount="2" result="Passed" start-time="2016-09-13 08:02:54Z" end-time="2016-09-13 08:02:54Z" duration="0.005007" total="2" passed="2" failed="0" inconclusive="0" skipped="0" asserts="6">
          <test-suite type="TestFixture" id="1000" name="FormatDelegateTests" fullname="SmartFormat.Tests.Utilities.FormatDelegateTests" classname="SmartFormat.Tests.Utilities.FormatDelegateTests" runstate="Runnable" testcasecount="2" result="Passed" start-time="2016-09-13 08:02:54Z" end-time="2016-09-13 08:02:54Z" duration="0.004352" total="2" passed="2" failed="0" inconclusive="0" skipped="0" asserts="6">
            <test-case id="1002" name="FormatDelegate_Works_WithSmartFormat" fullname="SmartFormat.Tests.Utilities.FormatDelegateTests.FormatDelegate_Works_WithSmartFormat" methodname="FormatDelegate_Works_WithSmartFormat" classname="SmartFormat.Tests.Utilities.FormatDelegateTests" runstate="Runnable" seed="341797804" result="Passed" start-time="2016-09-13 08:02:54Z" end-time="2016-09-13 08:02:54Z" duration="0.001137" asserts="3" />
            <test-case id="1001" name="FormatDelegate_Works_WithStringFormat" fullname="SmartFormat.Tests.Utilities.FormatDelegateTests.FormatDelegate_Works_WithStringFormat" methodname="FormatDelegate_Works_WithStringFormat" classname="SmartFormat.Tests.Utilities.FormatDelegateTests" runstate="Runnable" seed="760741920" result="Passed" start-time="2016-09-13 08:02:54Z" end-time="2016-09-13 08:02:54Z" duration="0.000680" asserts="3" />
          </test-suite>
        </test-suite>
      </test-suite>
    </test-suite>
  </test-suite>
</test-run>